Copyright 1986-2022 Xilinx, Inc. All Rights Reserved. Copyright 2022-2025 Advanced Micro Devices, Inc. All Rights Reserved.
-------------------------------------------------------------------------------------------------------------------------------------------------
| Tool Version     : Vivado v.2025.2 (win64) Build 6299465 Fri Nov 14 19:35:11 GMT 2025
| Date             : Thu Mar 19 19:04:46 2026
| Host             : ponco2 running 64-bit major release  (build 9200)
| Command          : report_power -file top_power_routed.rpt -pb top_power_summary_routed.pb -rpx top_power_routed.rpx
| Design           : top
| Device           : xc7z020clg400-1
| Design State     : routed
| Grade            : commercial
| Process          : typical
| Characterization : Production
-------------------------------------------------------------------------------------------------------------------------------------------------

Power Report

Table of Contents
-----------------
1. Summary
1.1 On-Chip Components
1.2 Power Supply Summary
1.3 Confidence Level
2. Settings
2.1 Environment
2.2 Clock Constraints
3. Detailed Reports
3.1 By Hierarchy

1. Summary
----------

+--------------------------+--------------+
| Total On-Chip Power (W)  | 1.750        |
| Design Power Budget (W)  | Unspecified* |
| Power Budget Margin (W)  | NA           |
| Dynamic (W)              | 1.591        |
| Device Static (W)        | 0.159        |
| Effective TJA (C/W)      | 11.5         |
| Max Ambient (C)          | 64.8         |
| Junction Temperature (C) | 45.2         |
| Confidence Level         | Low          |
| Setting File             | ---          |
| Simulation Activity File | ---          |
| Design Nets Matched      | NA           |
+--------------------------+--------------+
* Specify Design Power Budget using, set_operating_conditions -design_power_budget <value in Watts>


1.1 On-Chip Components
----------------------

+--------------------------+-----------+----------+-----------+-----------------+
| On-Chip                  | Power (W) | Used     | Available | Utilization (%) |
+--------------------------+-----------+----------+-----------+-----------------+
| Clocks                   |     0.026 |        4 |       --- |             --- |
| Slice Logic              |     0.026 |    14869 |       --- |             --- |
|   LUT as Logic           |     0.018 |     4735 |     53200 |            8.90 |
|   LUT as Distributed RAM |     0.005 |     1966 |     17400 |           11.30 |
|   Register               |    <0.001 |     5128 |    106400 |            4.82 |
|   CARRY4                 |    <0.001 |      141 |     13300 |            1.06 |
|   F7/F8 Muxes            |    <0.001 |      410 |     53200 |            0.77 |
|   LUT as Shift Register  |    <0.001 |       54 |     17400 |            0.31 |
|   Others                 |     0.000 |      731 |       --- |             --- |
| Signals                  |     0.075 |     9693 |       --- |             --- |
| Block RAM                |     0.201 |      130 |       140 |           92.86 |
| DSPs                     |     0.003 |        3 |       220 |            1.36 |
| I/O                      |     0.005 |        8 |       125 |            6.40 |
| PS7                      |     1.256 |        1 |       --- |             --- |
| Static Power             |     0.159 |          |           |                 |
| Total                    |     1.750 |          |           |                 |
+--------------------------+-----------+----------+-----------+-----------------+


1.2 Power Supply Summary
------------------------

+-----------+-------------+-----------+-------------+------------+-------------+-------------+------------+
| Source    | Voltage (V) | Total (A) | Dynamic (A) | Static (A) | Powerup (A) | Budget (A)  | Margin (A) |
+-----------+-------------+-----------+-------------+------------+-------------+-------------+------------+
| Vccint    |       1.000 |     0.333 |       0.313 |      0.020 |       NA    | Unspecified | NA         |
| Vccaux    |       1.800 |     0.016 |       0.000 |      0.015 |       NA    | Unspecified | NA         |
| Vcco33    |       3.300 |     0.002 |       0.001 |      0.001 |       NA    | Unspecified | NA         |
| Vcco25    |       2.500 |     0.000 |       0.000 |      0.000 |       NA    | Unspecified | NA         |
| Vcco18    |       1.800 |     0.000 |       0.000 |      0.000 |       NA    | Unspecified | NA         |
| Vcco15    |       1.500 |     0.000 |       0.000 |      0.000 |       NA    | Unspecified | NA         |
| Vcco135   |       1.350 |     0.000 |       0.000 |      0.000 |       NA    | Unspecified | NA         |
| Vcco12    |       1.200 |     0.000 |       0.000 |      0.000 |       NA    | Unspecified | NA         |
| Vccaux_io |       1.800 |     0.000 |       0.000 |      0.000 |       NA    | Unspecified | NA         |
| Vccbram   |       1.000 |     0.027 |       0.017 |      0.009 |       NA    | Unspecified | NA         |
| MGTAVcc   |       1.000 |     0.000 |       0.000 |      0.000 |       NA    | Unspecified | NA         |
| MGTAVtt   |       1.200 |     0.000 |       0.000 |      0.000 |       NA    | Unspecified | NA         |
| MGTVccaux |       1.800 |     0.000 |       0.000 |      0.000 |       NA    | Unspecified | NA         |
| Vccpint   |       1.000 |     0.678 |       0.647 |      0.031 |       NA    | Unspecified | NA         |
| Vccpaux   |       1.800 |     0.036 |       0.026 |      0.010 |       NA    | Unspecified | NA         |
| Vccpll    |       1.800 |     0.017 |       0.014 |      0.003 |       NA    | Unspecified | NA         |
| Vcco_ddr  |       1.500 |     0.354 |       0.352 |      0.002 |       NA    | Unspecified | NA         |
| Vcco_mio0 |       3.300 |     0.003 |       0.002 |      0.001 |       NA    | Unspecified | NA         |
| Vcco_mio1 |       1.800 |     0.003 |       0.002 |      0.001 |       NA    | Unspecified | NA         |
| Vccadc    |       1.800 |     0.020 |       0.000 |      0.020 |       NA    | Unspecified | NA         |
+-----------+-------------+-----------+-------------+------------+-------------+-------------+------------+


1.3 Confidence Level
--------------------

+-----------------------------+------------+--------------------------------------------------------+------------------------------------------------------------------------------------------------------------+
| User Input Data             | Confidence | Details                                                | Action                                                                                                     |
+-----------------------------+------------+--------------------------------------------------------+------------------------------------------------------------------------------------------------------------+
| Design implementation state | High       | Design is routed                                       |                                                                                                            |
| Clock nodes activity        | High       | User specified more than 95% of clocks                 |                                                                                                            |
| I/O nodes activity          | Low        | More than 75% of inputs are missing user specification | Provide missing input activity with simulation results or by editing the "By Resource Type -> I/Os" view   |
| Internal nodes activity     | Medium     | User specified less than 25% of internal nodes         | Provide missing internal nodes activity with simulation results or by editing the "By Resource Type" views |
| Device models               | High       | Device models are Production                           |                                                                                                            |
|                             |            |                                                        |                                                                                                            |
| Overall confidence level    | Low        |                                                        |                                                                                                            |
+-----------------------------+------------+--------------------------------------------------------+------------------------------------------------------------------------------------------------------------+


2. Settings
-----------

2.1 Environment
---------------

+-----------------------+------------------------+
| Ambient Temp (C)      | 25.0                   |
| ThetaJA (C/W)         | 11.5                   |
| Airflow (LFM)         | 250                    |
| Heat Sink             | none                   |
| ThetaSA (C/W)         | 0.0                    |
| Board Selection       | medium (10"x10")       |
| # of Board Layers     | 8to11 (8 to 11 Layers) |
| Board Temperature (C) | 25.0                   |
+-----------------------+------------------------+


2.2 Clock Constraints
---------------------

+------------+------------------------------------------------------------------+-----------------+
| Clock      | Domain                                                           | Constraint (ns) |
+------------+------------------------------------------------------------------+-----------------+
| clk_fpga_0 | mb_block_i/inst/processing_system7_0/inst/FCLK_CLK_unbuffered[0] |            10.0 |
| clk_fpga_1 | mb_block_i/inst/processing_system7_0/inst/FCLK_CLK_unbuffered[1] |            41.0 |
+------------+------------------------------------------------------------------+-----------------+


3. Detailed Reports
-------------------

3.1 By Hierarchy
----------------

+----------------------------------+-----------+
| Name                             | Power (W) |
+----------------------------------+-----------+
| top                              |     1.591 |
|   mb_block_i                     |     1.586 |
|     inst                         |     1.586 |
|       axi_bram_ctrl_0            |     0.004 |
|       axi_bram_ctrl_0_bram_osc_a |     0.199 |
|       axi_bram_ctrl_1            |     0.002 |
|       axi_bram_ctrl_1_bram_osc_b |     0.008 |
|       axi_smc                    |     0.046 |
|       processing_system7_0       |     1.256 |
|       umeboshi_0                 |     0.069 |
+----------------------------------+-----------+


