Copyright 1986-2022 Xilinx, Inc. All Rights Reserved. Copyright 2022-2025 Advanced Micro Devices, Inc. All Rights Reserved.
---------------------------------------------------------------------------------------------------------------------------------------------
| Tool Version : Vivado v.2025.2 (win64) Build 6299465 Fri Nov 14 19:35:11 GMT 2025
| Date         : Thu Mar 19 16:17:31 2026
| Host         : ponco2 running 64-bit major release  (build 9200)
| Command      : report_drc -file top_drc_routed.rpt -pb top_drc_routed.pb -rpx top_drc_routed.rpx
| Design       : top
| Device       : xc7z020clg400-1
| Speed File   : -1
| Design State : Fully Routed
---------------------------------------------------------------------------------------------------------------------------------------------

Report DRC

Table of Contents
-----------------
1. REPORT SUMMARY
2. REPORT DETAILS

1. REPORT SUMMARY
-----------------
            Netlist: netlist
          Floorplan: design_1
      Design limits: <entire design considered>
           Ruledeck: default
             Max checks: <unlimited>
             Checks found: 10
+--------+----------+------------------------+--------+
| Rule   | Severity | Description            | Checks |
+--------+----------+------------------------+--------+
| DPIP-1 | Warning  | Input pipelining       | 4      |
| DPOP-1 | Warning  | PREG Output pipelining | 3      |
| DPOP-2 | Warning  | MREG Output pipelining | 3      |
+--------+----------+------------------------+--------+

2. REPORT DETAILS
-----------------
DPIP-1#1 Warning
Input pipelining  
DSP mb_block_i/inst/umeboshi_0/inst/umeboshi_slave_lite_v1_0_axi_synth_engine_inst/synth_inst/mixer_acc1 input mb_block_i/inst/umeboshi_0/inst/umeboshi_slave_lite_v1_0_axi_synth_engine_inst/synth_inst/mixer_acc1/B[17:0] is not pipelined. Pipelining DSP48 input will improve performance.
Related violations: <none>

DPIP-1#2 Warning
Input pipelining  
DSP mb_block_i/inst/umeboshi_0/inst/umeboshi_slave_lite_v1_0_axi_synth_engine_inst/synth_inst/s2_wt_lsb2 input mb_block_i/inst/umeboshi_0/inst/umeboshi_slave_lite_v1_0_axi_synth_engine_inst/synth_inst/s2_wt_lsb2/A[29:0] is not pipelined. Pipelining DSP48 input will improve performance.
Related violations: <none>

DPIP-1#3 Warning
Input pipelining  
DSP mb_block_i/inst/umeboshi_0/inst/umeboshi_slave_lite_v1_0_axi_synth_engine_inst/synth_inst/s2_wt_lsb2 input mb_block_i/inst/umeboshi_0/inst/umeboshi_slave_lite_v1_0_axi_synth_engine_inst/synth_inst/s2_wt_lsb2/B[17:0] is not pipelined. Pipelining DSP48 input will improve performance.
Related violations: <none>

DPIP-1#4 Warning
Input pipelining  
DSP mb_block_i/inst/umeboshi_0/inst/umeboshi_slave_lite_v1_0_axi_synth_engine_inst/synth_inst/s2_wt_lsb2__0 input mb_block_i/inst/umeboshi_0/inst/umeboshi_slave_lite_v1_0_axi_synth_engine_inst/synth_inst/s2_wt_lsb2__0/A[29:0] is not pipelined. Pipelining DSP48 input will improve performance.
Related violations: <none>

DPOP-1#1 Warning
PREG Output pipelining  
DSP mb_block_i/inst/umeboshi_0/inst/umeboshi_slave_lite_v1_0_axi_synth_engine_inst/synth_inst/mixer_acc1 output mb_block_i/inst/umeboshi_0/inst/umeboshi_slave_lite_v1_0_axi_synth_engine_inst/synth_inst/mixer_acc1/P[47:0] is not pipelined (PREG=0). Pipelining the DSP48 output will improve performance and often saves power so it is suggested whenever possible to fully pipeline this function.  If this DSP48 function was inferred, it is suggested to describe an additional register stage after this function.  If the DSP48 was instantiated in the design, it is suggested to set the PREG attribute to 1.
Related violations: <none>

DPOP-1#2 Warning
PREG Output pipelining  
DSP mb_block_i/inst/umeboshi_0/inst/umeboshi_slave_lite_v1_0_axi_synth_engine_inst/synth_inst/s2_wt_lsb2 output mb_block_i/inst/umeboshi_0/inst/umeboshi_slave_lite_v1_0_axi_synth_engine_inst/synth_inst/s2_wt_lsb2/P[47:0] is not pipelined (PREG=0). Pipelining the DSP48 output will improve performance and often saves power so it is suggested whenever possible to fully pipeline this function.  If this DSP48 function was inferred, it is suggested to describe an additional register stage after this function.  If the DSP48 was instantiated in the design, it is suggested to set the PREG attribute to 1.
Related violations: <none>

DPOP-1#3 Warning
PREG Output pipelining  
DSP mb_block_i/inst/umeboshi_0/inst/umeboshi_slave_lite_v1_0_axi_synth_engine_inst/synth_inst/s2_wt_lsb2__0 output mb_block_i/inst/umeboshi_0/inst/umeboshi_slave_lite_v1_0_axi_synth_engine_inst/synth_inst/s2_wt_lsb2__0/P[47:0] is not pipelined (PREG=0). Pipelining the DSP48 output will improve performance and often saves power so it is suggested whenever possible to fully pipeline this function.  If this DSP48 function was inferred, it is suggested to describe an additional register stage after this function.  If the DSP48 was instantiated in the design, it is suggested to set the PREG attribute to 1.
Related violations: <none>

DPOP-2#1 Warning
MREG Output pipelining  
DSP mb_block_i/inst/umeboshi_0/inst/umeboshi_slave_lite_v1_0_axi_synth_engine_inst/synth_inst/mixer_acc1 multiplier stage mb_block_i/inst/umeboshi_0/inst/umeboshi_slave_lite_v1_0_axi_synth_engine_inst/synth_inst/mixer_acc1/P[47:0] is not pipelined (MREG=0). Pipelining the multiplier function will improve performance and will save significant power so it is suggested whenever possible to fully pipeline this function.  If this multiplier was inferred, it is suggested to describe an additional register stage after this function.  If there is no registered adder/accumulator following the multiply function, two pipeline stages are suggested to allow both the MREG and PREG registers to be used.  If the DSP48 was instantiated in the design, it is suggested to set both the MREG and PREG attributes to 1 when performing multiply functions.
Related violations: <none>

DPOP-2#2 Warning
MREG Output pipelining  
DSP mb_block_i/inst/umeboshi_0/inst/umeboshi_slave_lite_v1_0_axi_synth_engine_inst/synth_inst/s2_wt_lsb2 multiplier stage mb_block_i/inst/umeboshi_0/inst/umeboshi_slave_lite_v1_0_axi_synth_engine_inst/synth_inst/s2_wt_lsb2/P[47:0] is not pipelined (MREG=0). Pipelining the multiplier function will improve performance and will save significant power so it is suggested whenever possible to fully pipeline this function.  If this multiplier was inferred, it is suggested to describe an additional register stage after this function.  If there is no registered adder/accumulator following the multiply function, two pipeline stages are suggested to allow both the MREG and PREG registers to be used.  If the DSP48 was instantiated in the design, it is suggested to set both the MREG and PREG attributes to 1 when performing multiply functions.
Related violations: <none>

DPOP-2#3 Warning
MREG Output pipelining  
DSP mb_block_i/inst/umeboshi_0/inst/umeboshi_slave_lite_v1_0_axi_synth_engine_inst/synth_inst/s2_wt_lsb2__0 multiplier stage mb_block_i/inst/umeboshi_0/inst/umeboshi_slave_lite_v1_0_axi_synth_engine_inst/synth_inst/s2_wt_lsb2__0/P[47:0] is not pipelined (MREG=0). Pipelining the multiplier function will improve performance and will save significant power so it is suggested whenever possible to fully pipeline this function.  If this multiplier was inferred, it is suggested to describe an additional register stage after this function.  If there is no registered adder/accumulator following the multiply function, two pipeline stages are suggested to allow both the MREG and PREG registers to be used.  If the DSP48 was instantiated in the design, it is suggested to set both the MREG and PREG attributes to 1 when performing multiply functions.
Related violations: <none>


