
*** Running vivado
    with args -log top.vds -m64 -product Vivado -mode batch -messageDb vivado.pb -notrace -source top.tcl



****** Vivado v2025.2 (64-bit)
  **** SW Build 6299465 on Fri Nov 14 19:35:11 GMT 2025
  **** IP Build 6300035 on Fri Nov 14 10:48:45 MST 2025
  **** SharedData Build 6298862 on Thu Nov 13 04:50:51 MST 2025
  **** Start of session at: Thu Mar 19 18:57:54 2026
    ** Copyright 1986-2022 Xilinx, Inc. All Rights Reserved.
    ** Copyright 2022-2025 Advanced Micro Devices, Inc. All Rights Reserved.

source top.tcl -notrace
INFO: [IP_Flow 19-234] Refreshing IP repositories
INFO: [IP_Flow 19-1700] Loaded user IP repository 'c:/Users/hause/Documents/Vivado/IP'.
INFO: [IP_Flow 19-2313] Loaded Vivado IP repository 'C:/AMDDesignTools/2025.2/Vivado/data/ip'.
Command: read_checkpoint -auto_incremental -incremental C:/Users/hause/Documents/Vivado/Projects/Takuan/Takuan.srcs/utils_1/imports/synth_1/top.dcp
INFO: [Vivado 12-5825] Read reference checkpoint from C:/Users/hause/Documents/Vivado/Projects/Takuan/Takuan.srcs/utils_1/imports/synth_1/top.dcp for incremental synthesis
INFO: [Vivado 12-7989] Please ensure there are no constraint changes
Command: synth_design -top top -part xc7z020clg400-1
Starting synth_design
Attempting to get a license for feature 'Synthesis' and/or device 'xc7z020'
INFO: [Common 17-349] Got license for feature 'Synthesis' and/or device 'xc7z020'
INFO: [Device 21-403] Loading part xc7z020clg400-1
INFO: [Designutils 20-5440] No compile time benefit to using incremental synthesis; A full resynthesis will be run
INFO: [Designutils 20-4379] Flow is switching to default flow due to incremental criteria not met. If you would like to alter this behaviour and have the flow terminate instead, please set the following parameter config_implementation {autoIncr.Synth.RejectBehavior Terminate}
INFO: [Synth 8-7079] Multithreading enabled for synth_design using a maximum of 2 processes.
INFO: [Synth 8-7078] Launching helper process for spawning children vivado processes
INFO: [Synth 8-7075] Helper process launched with PID 19320
---------------------------------------------------------------------------------
Starting RTL Elaboration : Time (s): cpu = 00:00:04 ; elapsed = 00:00:04 . Memory (MB): peak = 1351.098 ; gain = 541.516
---------------------------------------------------------------------------------
INFO: [Synth 8-6157] synthesizing module 'top' [C:/Users/hause/Documents/Vivado/Projects/Takuan/Takuan.srcs/sources_1/new/top.sv:23]
INFO: [Synth 8-6157] synthesizing module 'IOBUF' [C:/AMDDesignTools/2025.2/Vivado/scripts/rt/data/unisim_comp.v:87566]
INFO: [Synth 8-6155] done synthesizing module 'IOBUF' (0#1) [C:/AMDDesignTools/2025.2/Vivado/scripts/rt/data/unisim_comp.v:87566]
INFO: [Synth 8-6157] synthesizing module 'mb_block_sv' [C:/Users/hause/Documents/Vivado/Projects/Takuan/Takuan.srcs/sources_1/imports/mb_block/mb_block_sv.sv:55]
INFO: [Synth 8-6157] synthesizing module 'mb_block' [c:/Users/hause/Documents/Vivado/Projects/Takuan/Takuan.gen/sources_1/bd/mb_block/synth/mb_block.v:13]
INFO: [Synth 8-6157] synthesizing module 'mb_block_axi_bram_ctrl_0_2' [C:/Users/hause/Documents/Vivado/Projects/Takuan/Takuan.runs/synth_1/.Xil/Vivado-25244-ponco2/realtime/mb_block_axi_bram_ctrl_0_2_stub.v:6]
INFO: [Synth 8-6155] done synthesizing module 'mb_block_axi_bram_ctrl_0_2' (0#1) [C:/Users/hause/Documents/Vivado/Projects/Takuan/Takuan.runs/synth_1/.Xil/Vivado-25244-ponco2/realtime/mb_block_axi_bram_ctrl_0_2_stub.v:6]
INFO: [Synth 8-6157] synthesizing module 'mb_block_axi_bram_ctrl_0_bram_1' [C:/Users/hause/Documents/Vivado/Projects/Takuan/Takuan.runs/synth_1/.Xil/Vivado-25244-ponco2/realtime/mb_block_axi_bram_ctrl_0_bram_1_stub.v:6]
INFO: [Synth 8-6155] done synthesizing module 'mb_block_axi_bram_ctrl_0_bram_1' (0#1) [C:/Users/hause/Documents/Vivado/Projects/Takuan/Takuan.runs/synth_1/.Xil/Vivado-25244-ponco2/realtime/mb_block_axi_bram_ctrl_0_bram_1_stub.v:6]
WARNING: [Synth 8-7071] port 'rsta_busy' of module 'mb_block_axi_bram_ctrl_0_bram_1' is unconnected for instance 'axi_bram_ctrl_0_bram_osc_a' [c:/Users/hause/Documents/Vivado/Projects/Takuan/Takuan.gen/sources_1/bd/mb_block/synth/mb_block.v:303]
WARNING: [Synth 8-7071] port 'rstb_busy' of module 'mb_block_axi_bram_ctrl_0_bram_1' is unconnected for instance 'axi_bram_ctrl_0_bram_osc_a' [c:/Users/hause/Documents/Vivado/Projects/Takuan/Takuan.gen/sources_1/bd/mb_block/synth/mb_block.v:303]
WARNING: [Synth 8-7023] instance 'axi_bram_ctrl_0_bram_osc_a' of module 'mb_block_axi_bram_ctrl_0_bram_1' has 16 connections declared, but only 14 given [c:/Users/hause/Documents/Vivado/Projects/Takuan/Takuan.gen/sources_1/bd/mb_block/synth/mb_block.v:303]
INFO: [Synth 8-6157] synthesizing module 'mb_block_axi_bram_ctrl_1_1' [C:/Users/hause/Documents/Vivado/Projects/Takuan/Takuan.runs/synth_1/.Xil/Vivado-25244-ponco2/realtime/mb_block_axi_bram_ctrl_1_1_stub.v:6]
INFO: [Synth 8-6155] done synthesizing module 'mb_block_axi_bram_ctrl_1_1' (0#1) [C:/Users/hause/Documents/Vivado/Projects/Takuan/Takuan.runs/synth_1/.Xil/Vivado-25244-ponco2/realtime/mb_block_axi_bram_ctrl_1_1_stub.v:6]
INFO: [Synth 8-6157] synthesizing module 'mb_block_axi_bram_ctrl_1_bram_0' [C:/Users/hause/Documents/Vivado/Projects/Takuan/Takuan.runs/synth_1/.Xil/Vivado-25244-ponco2/realtime/mb_block_axi_bram_ctrl_1_bram_0_stub.v:6]
INFO: [Synth 8-6155] done synthesizing module 'mb_block_axi_bram_ctrl_1_bram_0' (0#1) [C:/Users/hause/Documents/Vivado/Projects/Takuan/Takuan.runs/synth_1/.Xil/Vivado-25244-ponco2/realtime/mb_block_axi_bram_ctrl_1_bram_0_stub.v:6]
WARNING: [Synth 8-7071] port 'rsta_busy' of module 'mb_block_axi_bram_ctrl_1_bram_0' is unconnected for instance 'axi_bram_ctrl_1_bram_osc_b' [c:/Users/hause/Documents/Vivado/Projects/Takuan/Takuan.gen/sources_1/bd/mb_block/synth/mb_block.v:361]
WARNING: [Synth 8-7071] port 'rstb_busy' of module 'mb_block_axi_bram_ctrl_1_bram_0' is unconnected for instance 'axi_bram_ctrl_1_bram_osc_b' [c:/Users/hause/Documents/Vivado/Projects/Takuan/Takuan.gen/sources_1/bd/mb_block/synth/mb_block.v:361]
WARNING: [Synth 8-7023] instance 'axi_bram_ctrl_1_bram_osc_b' of module 'mb_block_axi_bram_ctrl_1_bram_0' has 16 connections declared, but only 14 given [c:/Users/hause/Documents/Vivado/Projects/Takuan/Takuan.gen/sources_1/bd/mb_block/synth/mb_block.v:361]
INFO: [Synth 8-6157] synthesizing module 'mb_block_axi_smc_2' [C:/Users/hause/Documents/Vivado/Projects/Takuan/Takuan.runs/synth_1/.Xil/Vivado-25244-ponco2/realtime/mb_block_axi_smc_2_stub.v:6]
INFO: [Synth 8-6155] done synthesizing module 'mb_block_axi_smc_2' (0#1) [C:/Users/hause/Documents/Vivado/Projects/Takuan/Takuan.runs/synth_1/.Xil/Vivado-25244-ponco2/realtime/mb_block_axi_smc_2_stub.v:6]
WARNING: [Synth 8-7071] port 'M01_AXI_awqos' of module 'mb_block_axi_smc_2' is unconnected for instance 'axi_smc' [c:/Users/hause/Documents/Vivado/Projects/Takuan/Takuan.gen/sources_1/bd/mb_block/synth/mb_block.v:376]
WARNING: [Synth 8-7071] port 'M01_AXI_arqos' of module 'mb_block_axi_smc_2' is unconnected for instance 'axi_smc' [c:/Users/hause/Documents/Vivado/Projects/Takuan/Takuan.gen/sources_1/bd/mb_block/synth/mb_block.v:376]
WARNING: [Synth 8-7071] port 'M02_AXI_awqos' of module 'mb_block_axi_smc_2' is unconnected for instance 'axi_smc' [c:/Users/hause/Documents/Vivado/Projects/Takuan/Takuan.gen/sources_1/bd/mb_block/synth/mb_block.v:376]
WARNING: [Synth 8-7071] port 'M02_AXI_arqos' of module 'mb_block_axi_smc_2' is unconnected for instance 'axi_smc' [c:/Users/hause/Documents/Vivado/Projects/Takuan/Takuan.gen/sources_1/bd/mb_block/synth/mb_block.v:376]
WARNING: [Synth 8-7023] instance 'axi_smc' of module 'mb_block_axi_smc_2' has 125 connections declared, but only 121 given [c:/Users/hause/Documents/Vivado/Projects/Takuan/Takuan.gen/sources_1/bd/mb_block/synth/mb_block.v:376]
INFO: [Synth 8-6157] synthesizing module 'mb_block_processing_system7_0_3' [C:/Users/hause/Documents/Vivado/Projects/Takuan/Takuan.runs/synth_1/.Xil/Vivado-25244-ponco2/realtime/mb_block_processing_system7_0_3_stub.v:6]
INFO: [Synth 8-6155] done synthesizing module 'mb_block_processing_system7_0_3' (0#1) [C:/Users/hause/Documents/Vivado/Projects/Takuan/Takuan.runs/synth_1/.Xil/Vivado-25244-ponco2/realtime/mb_block_processing_system7_0_3_stub.v:6]
WARNING: [Synth 8-7071] port 'USB0_PORT_INDCTL' of module 'mb_block_processing_system7_0_3' is unconnected for instance 'processing_system7_0' [c:/Users/hause/Documents/Vivado/Projects/Takuan/Takuan.gen/sources_1/bd/mb_block/synth/mb_block.v:500]
WARNING: [Synth 8-7071] port 'USB0_VBUS_PWRSELECT' of module 'mb_block_processing_system7_0_3' is unconnected for instance 'processing_system7_0' [c:/Users/hause/Documents/Vivado/Projects/Takuan/Takuan.gen/sources_1/bd/mb_block/synth/mb_block.v:500]
WARNING: [Synth 8-7023] instance 'processing_system7_0' of module 'mb_block_processing_system7_0_3' has 72 connections declared, but only 70 given [c:/Users/hause/Documents/Vivado/Projects/Takuan/Takuan.gen/sources_1/bd/mb_block/synth/mb_block.v:500]
INFO: [Synth 8-6157] synthesizing module 'mb_block_rst_ps7_0_100M_1' [C:/Users/hause/Documents/Vivado/Projects/Takuan/Takuan.runs/synth_1/.Xil/Vivado-25244-ponco2/realtime/mb_block_rst_ps7_0_100M_1_stub.v:6]
INFO: [Synth 8-6155] done synthesizing module 'mb_block_rst_ps7_0_100M_1' (0#1) [C:/Users/hause/Documents/Vivado/Projects/Takuan/Takuan.runs/synth_1/.Xil/Vivado-25244-ponco2/realtime/mb_block_rst_ps7_0_100M_1_stub.v:6]
WARNING: [Synth 8-7071] port 'mb_reset' of module 'mb_block_rst_ps7_0_100M_1' is unconnected for instance 'rst_ps7_0_100M' [c:/Users/hause/Documents/Vivado/Projects/Takuan/Takuan.gen/sources_1/bd/mb_block/synth/mb_block.v:571]
WARNING: [Synth 8-7071] port 'bus_struct_reset' of module 'mb_block_rst_ps7_0_100M_1' is unconnected for instance 'rst_ps7_0_100M' [c:/Users/hause/Documents/Vivado/Projects/Takuan/Takuan.gen/sources_1/bd/mb_block/synth/mb_block.v:571]
WARNING: [Synth 8-7071] port 'peripheral_reset' of module 'mb_block_rst_ps7_0_100M_1' is unconnected for instance 'rst_ps7_0_100M' [c:/Users/hause/Documents/Vivado/Projects/Takuan/Takuan.gen/sources_1/bd/mb_block/synth/mb_block.v:571]
WARNING: [Synth 8-7071] port 'interconnect_aresetn' of module 'mb_block_rst_ps7_0_100M_1' is unconnected for instance 'rst_ps7_0_100M' [c:/Users/hause/Documents/Vivado/Projects/Takuan/Takuan.gen/sources_1/bd/mb_block/synth/mb_block.v:571]
WARNING: [Synth 8-7023] instance 'rst_ps7_0_100M' of module 'mb_block_rst_ps7_0_100M_1' has 10 connections declared, but only 6 given [c:/Users/hause/Documents/Vivado/Projects/Takuan/Takuan.gen/sources_1/bd/mb_block/synth/mb_block.v:571]
INFO: [Synth 8-6157] synthesizing module 'mb_block_umeboshi_0_2' [C:/Users/hause/Documents/Vivado/Projects/Takuan/Takuan.runs/synth_1/.Xil/Vivado-25244-ponco2/realtime/mb_block_umeboshi_0_2_stub.v:6]
INFO: [Synth 8-6155] done synthesizing module 'mb_block_umeboshi_0_2' (0#1) [C:/Users/hause/Documents/Vivado/Projects/Takuan/Takuan.runs/synth_1/.Xil/Vivado-25244-ponco2/realtime/mb_block_umeboshi_0_2_stub.v:6]
INFO: [Synth 8-6155] done synthesizing module 'mb_block' (0#1) [c:/Users/hause/Documents/Vivado/Projects/Takuan/Takuan.gen/sources_1/bd/mb_block/synth/mb_block.v:13]
INFO: [Synth 8-6155] done synthesizing module 'mb_block_sv' (0#1) [C:/Users/hause/Documents/Vivado/Projects/Takuan/Takuan.srcs/sources_1/imports/mb_block/mb_block_sv.sv:55]
INFO: [Synth 8-6157] synthesizing module 'i2s' [C:/Users/hause/Documents/Vivado/Projects/Takuan/Takuan.srcs/sources_1/new/i2s.sv:23]
INFO: [Synth 8-6155] done synthesizing module 'i2s' (0#1) [C:/Users/hause/Documents/Vivado/Projects/Takuan/Takuan.srcs/sources_1/new/i2s.sv:23]
INFO: [Synth 8-6155] done synthesizing module 'top' (0#1) [C:/Users/hause/Documents/Vivado/Projects/Takuan/Takuan.srcs/sources_1/new/top.sv:23]
WARNING: [Synth 8-3917] design top has port adr0 driven by constant 1
WARNING: [Synth 8-3917] design top has port adr1 driven by constant 1
WARNING: [Synth 8-7129] Port au_dout_r in module top is either unconnected or has no load
---------------------------------------------------------------------------------
Finished RTL Elaboration : Time (s): cpu = 00:00:05 ; elapsed = 00:00:05 . Memory (MB): peak = 1480.523 ; gain = 670.941
---------------------------------------------------------------------------------
---------------------------------------------------------------------------------
Start Handling Custom Attributes
---------------------------------------------------------------------------------
---------------------------------------------------------------------------------
Finished Handling Custom Attributes : Time (s): cpu = 00:00:05 ; elapsed = 00:00:05 . Memory (MB): peak = 1480.523 ; gain = 670.941
---------------------------------------------------------------------------------
---------------------------------------------------------------------------------
Finished RTL Optimization Phase 1 : Time (s): cpu = 00:00:05 ; elapsed = 00:00:05 . Memory (MB): peak = 1480.523 ; gain = 670.941
---------------------------------------------------------------------------------
Netlist sorting complete. Time (s): cpu = 00:00:00 ; elapsed = 00:00:00.009 . Memory (MB): peak = 1480.523 ; gain = 0.000
INFO: [Netlist 29-17] Analyzing 2 Unisim elements for replacement
INFO: [Netlist 29-28] Unisim Transformation completed in 0 CPU seconds
INFO: [Project 1-570] Preparing netlist for logic optimization

Processing XDC Constraints
Initializing timing engine
Parsing XDC File [c:/Users/hause/Documents/Vivado/Projects/Takuan/Takuan.gen/sources_1/bd/mb_block/ip/mb_block_processing_system7_0_3/mb_block_processing_system7_0_3/mb_block_processing_system7_0_3_in_context.xdc] for cell 'mb_block_i/inst/processing_system7_0'
Finished Parsing XDC File [c:/Users/hause/Documents/Vivado/Projects/Takuan/Takuan.gen/sources_1/bd/mb_block/ip/mb_block_processing_system7_0_3/mb_block_processing_system7_0_3/mb_block_processing_system7_0_3_in_context.xdc] for cell 'mb_block_i/inst/processing_system7_0'
Parsing XDC File [c:/Users/hause/Documents/Vivado/Projects/Takuan/Takuan.gen/sources_1/bd/mb_block/ip/mb_block_umeboshi_0_2/mb_block_umeboshi_0_2/mb_block_umeboshi_0_2_in_context.xdc] for cell 'mb_block_i/inst/umeboshi_0'
Finished Parsing XDC File [c:/Users/hause/Documents/Vivado/Projects/Takuan/Takuan.gen/sources_1/bd/mb_block/ip/mb_block_umeboshi_0_2/mb_block_umeboshi_0_2/mb_block_umeboshi_0_2_in_context.xdc] for cell 'mb_block_i/inst/umeboshi_0'
Parsing XDC File [c:/Users/hause/Documents/Vivado/Projects/Takuan/Takuan.gen/sources_1/bd/mb_block/ip/mb_block_axi_smc_2/mb_block_axi_smc_2/mb_block_axi_smc_2_in_context.xdc] for cell 'mb_block_i/inst/axi_smc'
Finished Parsing XDC File [c:/Users/hause/Documents/Vivado/Projects/Takuan/Takuan.gen/sources_1/bd/mb_block/ip/mb_block_axi_smc_2/mb_block_axi_smc_2/mb_block_axi_smc_2_in_context.xdc] for cell 'mb_block_i/inst/axi_smc'
Parsing XDC File [c:/Users/hause/Documents/Vivado/Projects/Takuan/Takuan.gen/sources_1/bd/mb_block/ip/mb_block_rst_ps7_0_100M_1/mb_block_rst_ps7_0_100M_1/mb_block_rst_ps7_0_100M_1_in_context.xdc] for cell 'mb_block_i/inst/rst_ps7_0_100M'
Finished Parsing XDC File [c:/Users/hause/Documents/Vivado/Projects/Takuan/Takuan.gen/sources_1/bd/mb_block/ip/mb_block_rst_ps7_0_100M_1/mb_block_rst_ps7_0_100M_1/mb_block_rst_ps7_0_100M_1_in_context.xdc] for cell 'mb_block_i/inst/rst_ps7_0_100M'
Parsing XDC File [c:/Users/hause/Documents/Vivado/Projects/Takuan/Takuan.gen/sources_1/bd/mb_block/ip/mb_block_axi_bram_ctrl_0_2/mb_block_axi_bram_ctrl_0_2/mb_block_axi_bram_ctrl_0_2_in_context.xdc] for cell 'mb_block_i/inst/axi_bram_ctrl_0'
Finished Parsing XDC File [c:/Users/hause/Documents/Vivado/Projects/Takuan/Takuan.gen/sources_1/bd/mb_block/ip/mb_block_axi_bram_ctrl_0_2/mb_block_axi_bram_ctrl_0_2/mb_block_axi_bram_ctrl_0_2_in_context.xdc] for cell 'mb_block_i/inst/axi_bram_ctrl_0'
Parsing XDC File [c:/Users/hause/Documents/Vivado/Projects/Takuan/Takuan.gen/sources_1/bd/mb_block/ip/mb_block_axi_bram_ctrl_0_bram_1/mb_block_axi_bram_ctrl_0_bram_1/mb_block_axi_bram_ctrl_0_bram_1_in_context.xdc] for cell 'mb_block_i/inst/axi_bram_ctrl_0_bram_osc_a'
Finished Parsing XDC File [c:/Users/hause/Documents/Vivado/Projects/Takuan/Takuan.gen/sources_1/bd/mb_block/ip/mb_block_axi_bram_ctrl_0_bram_1/mb_block_axi_bram_ctrl_0_bram_1/mb_block_axi_bram_ctrl_0_bram_1_in_context.xdc] for cell 'mb_block_i/inst/axi_bram_ctrl_0_bram_osc_a'
Parsing XDC File [c:/Users/hause/Documents/Vivado/Projects/Takuan/Takuan.gen/sources_1/bd/mb_block/ip/mb_block_axi_bram_ctrl_1_1/mb_block_axi_bram_ctrl_1_1/mb_block_axi_bram_ctrl_1_1_in_context.xdc] for cell 'mb_block_i/inst/axi_bram_ctrl_1'
Finished Parsing XDC File [c:/Users/hause/Documents/Vivado/Projects/Takuan/Takuan.gen/sources_1/bd/mb_block/ip/mb_block_axi_bram_ctrl_1_1/mb_block_axi_bram_ctrl_1_1/mb_block_axi_bram_ctrl_1_1_in_context.xdc] for cell 'mb_block_i/inst/axi_bram_ctrl_1'
Parsing XDC File [c:/Users/hause/Documents/Vivado/Projects/Takuan/Takuan.gen/sources_1/bd/mb_block/ip/mb_block_axi_bram_ctrl_1_bram_0/mb_block_axi_bram_ctrl_1_bram_0/mb_block_axi_bram_ctrl_1_bram_0_in_context.xdc] for cell 'mb_block_i/inst/axi_bram_ctrl_1_bram_osc_b'
Finished Parsing XDC File [c:/Users/hause/Documents/Vivado/Projects/Takuan/Takuan.gen/sources_1/bd/mb_block/ip/mb_block_axi_bram_ctrl_1_bram_0/mb_block_axi_bram_ctrl_1_bram_0/mb_block_axi_bram_ctrl_1_bram_0_in_context.xdc] for cell 'mb_block_i/inst/axi_bram_ctrl_1_bram_osc_b'
Parsing XDC File [C:/Users/hause/Documents/Vivado/Projects/Takuan/Takuan.srcs/constrs_1/imports/PYNQ-Z2/PYNQ-Z2 v1.0.xdc]
WARNING: [Vivado 12-584] No ports matched 'sysclk'. [C:/Users/hause/Documents/Vivado/Projects/Takuan/Takuan.srcs/constrs_1/imports/PYNQ-Z2/PYNQ-Z2 v1.0.xdc:8]
WARNING: [Vivado 12-584] No ports matched 'sysclk'. [C:/Users/hause/Documents/Vivado/Projects/Takuan/Takuan.srcs/constrs_1/imports/PYNQ-Z2/PYNQ-Z2 v1.0.xdc:9]
WARNING: [Vivado 12-584] No ports matched 'sw[0]'. [C:/Users/hause/Documents/Vivado/Projects/Takuan/Takuan.srcs/constrs_1/imports/PYNQ-Z2/PYNQ-Z2 v1.0.xdc:13]
WARNING: [Vivado 12-584] No ports matched 'sw[1]'. [C:/Users/hause/Documents/Vivado/Projects/Takuan/Takuan.srcs/constrs_1/imports/PYNQ-Z2/PYNQ-Z2 v1.0.xdc:14]
WARNING: [Vivado 12-584] No ports matched 'led4_b'. [C:/Users/hause/Documents/Vivado/Projects/Takuan/Takuan.srcs/constrs_1/imports/PYNQ-Z2/PYNQ-Z2 v1.0.xdc:18]
WARNING: [Vivado 12-584] No ports matched 'led4_g'. [C:/Users/hause/Documents/Vivado/Projects/Takuan/Takuan.srcs/constrs_1/imports/PYNQ-Z2/PYNQ-Z2 v1.0.xdc:19]
WARNING: [Vivado 12-584] No ports matched 'led4_r'. [C:/Users/hause/Documents/Vivado/Projects/Takuan/Takuan.srcs/constrs_1/imports/PYNQ-Z2/PYNQ-Z2 v1.0.xdc:20]
WARNING: [Vivado 12-584] No ports matched 'led5_b'. [C:/Users/hause/Documents/Vivado/Projects/Takuan/Takuan.srcs/constrs_1/imports/PYNQ-Z2/PYNQ-Z2 v1.0.xdc:21]
WARNING: [Vivado 12-584] No ports matched 'led5_g'. [C:/Users/hause/Documents/Vivado/Projects/Takuan/Takuan.srcs/constrs_1/imports/PYNQ-Z2/PYNQ-Z2 v1.0.xdc:22]
WARNING: [Vivado 12-584] No ports matched 'led5_r'. [C:/Users/hause/Documents/Vivado/Projects/Takuan/Takuan.srcs/constrs_1/imports/PYNQ-Z2/PYNQ-Z2 v1.0.xdc:23]
WARNING: [Vivado 12-584] No ports matched 'led[0]'. [C:/Users/hause/Documents/Vivado/Projects/Takuan/Takuan.srcs/constrs_1/imports/PYNQ-Z2/PYNQ-Z2 v1.0.xdc:27]
WARNING: [Vivado 12-584] No ports matched 'led[1]'. [C:/Users/hause/Documents/Vivado/Projects/Takuan/Takuan.srcs/constrs_1/imports/PYNQ-Z2/PYNQ-Z2 v1.0.xdc:28]
WARNING: [Vivado 12-584] No ports matched 'led[2]'. [C:/Users/hause/Documents/Vivado/Projects/Takuan/Takuan.srcs/constrs_1/imports/PYNQ-Z2/PYNQ-Z2 v1.0.xdc:29]
WARNING: [Vivado 12-584] No ports matched 'led[3]'. [C:/Users/hause/Documents/Vivado/Projects/Takuan/Takuan.srcs/constrs_1/imports/PYNQ-Z2/PYNQ-Z2 v1.0.xdc:30]
WARNING: [Vivado 12-584] No ports matched 'btn[0]'. [C:/Users/hause/Documents/Vivado/Projects/Takuan/Takuan.srcs/constrs_1/imports/PYNQ-Z2/PYNQ-Z2 v1.0.xdc:34]
WARNING: [Vivado 12-584] No ports matched 'btn[1]'. [C:/Users/hause/Documents/Vivado/Projects/Takuan/Takuan.srcs/constrs_1/imports/PYNQ-Z2/PYNQ-Z2 v1.0.xdc:35]
WARNING: [Vivado 12-584] No ports matched 'btn[2]'. [C:/Users/hause/Documents/Vivado/Projects/Takuan/Takuan.srcs/constrs_1/imports/PYNQ-Z2/PYNQ-Z2 v1.0.xdc:36]
WARNING: [Vivado 12-584] No ports matched 'btn[3]'. [C:/Users/hause/Documents/Vivado/Projects/Takuan/Takuan.srcs/constrs_1/imports/PYNQ-Z2/PYNQ-Z2 v1.0.xdc:37]
WARNING: [Vivado 12-584] No ports matched 'ja[0]'. [C:/Users/hause/Documents/Vivado/Projects/Takuan/Takuan.srcs/constrs_1/imports/PYNQ-Z2/PYNQ-Z2 v1.0.xdc:41]
WARNING: [Vivado 12-584] No ports matched 'ja[1]'. [C:/Users/hause/Documents/Vivado/Projects/Takuan/Takuan.srcs/constrs_1/imports/PYNQ-Z2/PYNQ-Z2 v1.0.xdc:42]
WARNING: [Vivado 12-584] No ports matched 'ja[2]'. [C:/Users/hause/Documents/Vivado/Projects/Takuan/Takuan.srcs/constrs_1/imports/PYNQ-Z2/PYNQ-Z2 v1.0.xdc:43]
WARNING: [Vivado 12-584] No ports matched 'ja[3]'. [C:/Users/hause/Documents/Vivado/Projects/Takuan/Takuan.srcs/constrs_1/imports/PYNQ-Z2/PYNQ-Z2 v1.0.xdc:44]
WARNING: [Vivado 12-584] No ports matched 'ja[4]'. [C:/Users/hause/Documents/Vivado/Projects/Takuan/Takuan.srcs/constrs_1/imports/PYNQ-Z2/PYNQ-Z2 v1.0.xdc:45]
WARNING: [Vivado 12-584] No ports matched 'ja[5]'. [C:/Users/hause/Documents/Vivado/Projects/Takuan/Takuan.srcs/constrs_1/imports/PYNQ-Z2/PYNQ-Z2 v1.0.xdc:46]
WARNING: [Vivado 12-584] No ports matched 'ja[6]'. [C:/Users/hause/Documents/Vivado/Projects/Takuan/Takuan.srcs/constrs_1/imports/PYNQ-Z2/PYNQ-Z2 v1.0.xdc:47]
WARNING: [Vivado 12-584] No ports matched 'ja[7]'. [C:/Users/hause/Documents/Vivado/Projects/Takuan/Takuan.srcs/constrs_1/imports/PYNQ-Z2/PYNQ-Z2 v1.0.xdc:48]
WARNING: [Vivado 12-584] No ports matched 'jb[0]'. [C:/Users/hause/Documents/Vivado/Projects/Takuan/Takuan.srcs/constrs_1/imports/PYNQ-Z2/PYNQ-Z2 v1.0.xdc:52]
WARNING: [Vivado 12-584] No ports matched 'jb[1]'. [C:/Users/hause/Documents/Vivado/Projects/Takuan/Takuan.srcs/constrs_1/imports/PYNQ-Z2/PYNQ-Z2 v1.0.xdc:53]
WARNING: [Vivado 12-584] No ports matched 'jb[2]'. [C:/Users/hause/Documents/Vivado/Projects/Takuan/Takuan.srcs/constrs_1/imports/PYNQ-Z2/PYNQ-Z2 v1.0.xdc:54]
WARNING: [Vivado 12-584] No ports matched 'jb[3]'. [C:/Users/hause/Documents/Vivado/Projects/Takuan/Takuan.srcs/constrs_1/imports/PYNQ-Z2/PYNQ-Z2 v1.0.xdc:55]
WARNING: [Vivado 12-584] No ports matched 'jb[4]'. [C:/Users/hause/Documents/Vivado/Projects/Takuan/Takuan.srcs/constrs_1/imports/PYNQ-Z2/PYNQ-Z2 v1.0.xdc:56]
WARNING: [Vivado 12-584] No ports matched 'jb[5]'. [C:/Users/hause/Documents/Vivado/Projects/Takuan/Takuan.srcs/constrs_1/imports/PYNQ-Z2/PYNQ-Z2 v1.0.xdc:57]
WARNING: [Vivado 12-584] No ports matched 'jb[6]'. [C:/Users/hause/Documents/Vivado/Projects/Takuan/Takuan.srcs/constrs_1/imports/PYNQ-Z2/PYNQ-Z2 v1.0.xdc:58]
WARNING: [Vivado 12-584] No ports matched 'jb[7]'. [C:/Users/hause/Documents/Vivado/Projects/Takuan/Takuan.srcs/constrs_1/imports/PYNQ-Z2/PYNQ-Z2 v1.0.xdc:59]
WARNING: [Vivado 12-584] No ports matched 'ar_an0_p'. [C:/Users/hause/Documents/Vivado/Projects/Takuan/Takuan.srcs/constrs_1/imports/PYNQ-Z2/PYNQ-Z2 v1.0.xdc:79]
WARNING: [Vivado 12-584] No ports matched 'ar_an0_n'. [C:/Users/hause/Documents/Vivado/Projects/Takuan/Takuan.srcs/constrs_1/imports/PYNQ-Z2/PYNQ-Z2 v1.0.xdc:80]
WARNING: [Vivado 12-584] No ports matched 'ar_an1_p'. [C:/Users/hause/Documents/Vivado/Projects/Takuan/Takuan.srcs/constrs_1/imports/PYNQ-Z2/PYNQ-Z2 v1.0.xdc:81]
WARNING: [Vivado 12-584] No ports matched 'ar_an1_n'. [C:/Users/hause/Documents/Vivado/Projects/Takuan/Takuan.srcs/constrs_1/imports/PYNQ-Z2/PYNQ-Z2 v1.0.xdc:82]
WARNING: [Vivado 12-584] No ports matched 'ar_an2_p'. [C:/Users/hause/Documents/Vivado/Projects/Takuan/Takuan.srcs/constrs_1/imports/PYNQ-Z2/PYNQ-Z2 v1.0.xdc:83]
WARNING: [Vivado 12-584] No ports matched 'ar_an2_n'. [C:/Users/hause/Documents/Vivado/Projects/Takuan/Takuan.srcs/constrs_1/imports/PYNQ-Z2/PYNQ-Z2 v1.0.xdc:84]
WARNING: [Vivado 12-584] No ports matched 'ar_an3_p'. [C:/Users/hause/Documents/Vivado/Projects/Takuan/Takuan.srcs/constrs_1/imports/PYNQ-Z2/PYNQ-Z2 v1.0.xdc:85]
WARNING: [Vivado 12-584] No ports matched 'ar_an3_n'. [C:/Users/hause/Documents/Vivado/Projects/Takuan/Takuan.srcs/constrs_1/imports/PYNQ-Z2/PYNQ-Z2 v1.0.xdc:86]
WARNING: [Vivado 12-584] No ports matched 'ar_an4_p'. [C:/Users/hause/Documents/Vivado/Projects/Takuan/Takuan.srcs/constrs_1/imports/PYNQ-Z2/PYNQ-Z2 v1.0.xdc:87]
WARNING: [Vivado 12-584] No ports matched 'ar_an4_n'. [C:/Users/hause/Documents/Vivado/Projects/Takuan/Takuan.srcs/constrs_1/imports/PYNQ-Z2/PYNQ-Z2 v1.0.xdc:88]
WARNING: [Vivado 12-584] No ports matched 'ar_an5_p'. [C:/Users/hause/Documents/Vivado/Projects/Takuan/Takuan.srcs/constrs_1/imports/PYNQ-Z2/PYNQ-Z2 v1.0.xdc:89]
WARNING: [Vivado 12-584] No ports matched 'ar_an5_n'. [C:/Users/hause/Documents/Vivado/Projects/Takuan/Takuan.srcs/constrs_1/imports/PYNQ-Z2/PYNQ-Z2 v1.0.xdc:90]
WARNING: [Vivado 12-584] No ports matched 'ar[0]'. [C:/Users/hause/Documents/Vivado/Projects/Takuan/Takuan.srcs/constrs_1/imports/PYNQ-Z2/PYNQ-Z2 v1.0.xdc:94]
WARNING: [Vivado 12-584] No ports matched 'ar[1]'. [C:/Users/hause/Documents/Vivado/Projects/Takuan/Takuan.srcs/constrs_1/imports/PYNQ-Z2/PYNQ-Z2 v1.0.xdc:95]
WARNING: [Vivado 12-584] No ports matched 'ar[2]'. [C:/Users/hause/Documents/Vivado/Projects/Takuan/Takuan.srcs/constrs_1/imports/PYNQ-Z2/PYNQ-Z2 v1.0.xdc:96]
WARNING: [Vivado 12-584] No ports matched 'ar[3]'. [C:/Users/hause/Documents/Vivado/Projects/Takuan/Takuan.srcs/constrs_1/imports/PYNQ-Z2/PYNQ-Z2 v1.0.xdc:97]
WARNING: [Vivado 12-584] No ports matched 'ar[4]'. [C:/Users/hause/Documents/Vivado/Projects/Takuan/Takuan.srcs/constrs_1/imports/PYNQ-Z2/PYNQ-Z2 v1.0.xdc:98]
WARNING: [Vivado 12-584] No ports matched 'ar[5]'. [C:/Users/hause/Documents/Vivado/Projects/Takuan/Takuan.srcs/constrs_1/imports/PYNQ-Z2/PYNQ-Z2 v1.0.xdc:99]
WARNING: [Vivado 12-584] No ports matched 'ar[6]'. [C:/Users/hause/Documents/Vivado/Projects/Takuan/Takuan.srcs/constrs_1/imports/PYNQ-Z2/PYNQ-Z2 v1.0.xdc:100]
WARNING: [Vivado 12-584] No ports matched 'ar[7]'. [C:/Users/hause/Documents/Vivado/Projects/Takuan/Takuan.srcs/constrs_1/imports/PYNQ-Z2/PYNQ-Z2 v1.0.xdc:101]
WARNING: [Vivado 12-584] No ports matched 'ar[8]'. [C:/Users/hause/Documents/Vivado/Projects/Takuan/Takuan.srcs/constrs_1/imports/PYNQ-Z2/PYNQ-Z2 v1.0.xdc:102]
WARNING: [Vivado 12-584] No ports matched 'ar[9]'. [C:/Users/hause/Documents/Vivado/Projects/Takuan/Takuan.srcs/constrs_1/imports/PYNQ-Z2/PYNQ-Z2 v1.0.xdc:103]
WARNING: [Vivado 12-584] No ports matched 'ar[10]'. [C:/Users/hause/Documents/Vivado/Projects/Takuan/Takuan.srcs/constrs_1/imports/PYNQ-Z2/PYNQ-Z2 v1.0.xdc:104]
WARNING: [Vivado 12-584] No ports matched 'ar[11]'. [C:/Users/hause/Documents/Vivado/Projects/Takuan/Takuan.srcs/constrs_1/imports/PYNQ-Z2/PYNQ-Z2 v1.0.xdc:105]
WARNING: [Vivado 12-584] No ports matched 'ar[12]'. [C:/Users/hause/Documents/Vivado/Projects/Takuan/Takuan.srcs/constrs_1/imports/PYNQ-Z2/PYNQ-Z2 v1.0.xdc:106]
WARNING: [Vivado 12-584] No ports matched 'ar[13]'. [C:/Users/hause/Documents/Vivado/Projects/Takuan/Takuan.srcs/constrs_1/imports/PYNQ-Z2/PYNQ-Z2 v1.0.xdc:107]
WARNING: [Vivado 12-584] No ports matched 'a'. [C:/Users/hause/Documents/Vivado/Projects/Takuan/Takuan.srcs/constrs_1/imports/PYNQ-Z2/PYNQ-Z2 v1.0.xdc:108]
WARNING: [Vivado 12-584] No ports matched 'a[0]'. [C:/Users/hause/Documents/Vivado/Projects/Takuan/Takuan.srcs/constrs_1/imports/PYNQ-Z2/PYNQ-Z2 v1.0.xdc:113]
WARNING: [Vivado 12-584] No ports matched 'a[1]'. [C:/Users/hause/Documents/Vivado/Projects/Takuan/Takuan.srcs/constrs_1/imports/PYNQ-Z2/PYNQ-Z2 v1.0.xdc:114]
WARNING: [Vivado 12-584] No ports matched 'a[2]'. [C:/Users/hause/Documents/Vivado/Projects/Takuan/Takuan.srcs/constrs_1/imports/PYNQ-Z2/PYNQ-Z2 v1.0.xdc:115]
WARNING: [Vivado 12-584] No ports matched 'a[3]'. [C:/Users/hause/Documents/Vivado/Projects/Takuan/Takuan.srcs/constrs_1/imports/PYNQ-Z2/PYNQ-Z2 v1.0.xdc:116]
WARNING: [Vivado 12-584] No ports matched 'a[4]'. [C:/Users/hause/Documents/Vivado/Projects/Takuan/Takuan.srcs/constrs_1/imports/PYNQ-Z2/PYNQ-Z2 v1.0.xdc:117]
WARNING: [Vivado 12-584] No ports matched 'a[5]'. [C:/Users/hause/Documents/Vivado/Projects/Takuan/Takuan.srcs/constrs_1/imports/PYNQ-Z2/PYNQ-Z2 v1.0.xdc:118]
WARNING: [Vivado 12-584] No ports matched 'ck_miso'. [C:/Users/hause/Documents/Vivado/Projects/Takuan/Takuan.srcs/constrs_1/imports/PYNQ-Z2/PYNQ-Z2 v1.0.xdc:122]
WARNING: [Vivado 12-584] No ports matched 'ck_mosi'. [C:/Users/hause/Documents/Vivado/Projects/Takuan/Takuan.srcs/constrs_1/imports/PYNQ-Z2/PYNQ-Z2 v1.0.xdc:123]
WARNING: [Vivado 12-584] No ports matched 'ck_sck'. [C:/Users/hause/Documents/Vivado/Projects/Takuan/Takuan.srcs/constrs_1/imports/PYNQ-Z2/PYNQ-Z2 v1.0.xdc:124]
WARNING: [Vivado 12-584] No ports matched 'ck_ss'. [C:/Users/hause/Documents/Vivado/Projects/Takuan/Takuan.srcs/constrs_1/imports/PYNQ-Z2/PYNQ-Z2 v1.0.xdc:125]
WARNING: [Vivado 12-584] No ports matched 'ar_scl'. [C:/Users/hause/Documents/Vivado/Projects/Takuan/Takuan.srcs/constrs_1/imports/PYNQ-Z2/PYNQ-Z2 v1.0.xdc:129]
WARNING: [Vivado 12-584] No ports matched 'ar_sda'. [C:/Users/hause/Documents/Vivado/Projects/Takuan/Takuan.srcs/constrs_1/imports/PYNQ-Z2/PYNQ-Z2 v1.0.xdc:130]
WARNING: [Vivado 12-584] No ports matched 'rpio_02_r'. [C:/Users/hause/Documents/Vivado/Projects/Takuan/Takuan.srcs/constrs_1/imports/PYNQ-Z2/PYNQ-Z2 v1.0.xdc:134]
WARNING: [Vivado 12-584] No ports matched 'rpio_03_r'. [C:/Users/hause/Documents/Vivado/Projects/Takuan/Takuan.srcs/constrs_1/imports/PYNQ-Z2/PYNQ-Z2 v1.0.xdc:135]
WARNING: [Vivado 12-584] No ports matched 'rpio_04_r'. [C:/Users/hause/Documents/Vivado/Projects/Takuan/Takuan.srcs/constrs_1/imports/PYNQ-Z2/PYNQ-Z2 v1.0.xdc:136]
WARNING: [Vivado 12-584] No ports matched 'rpio_05_r'. [C:/Users/hause/Documents/Vivado/Projects/Takuan/Takuan.srcs/constrs_1/imports/PYNQ-Z2/PYNQ-Z2 v1.0.xdc:137]
WARNING: [Vivado 12-584] No ports matched 'rpio_06_r'. [C:/Users/hause/Documents/Vivado/Projects/Takuan/Takuan.srcs/constrs_1/imports/PYNQ-Z2/PYNQ-Z2 v1.0.xdc:138]
WARNING: [Vivado 12-584] No ports matched 'rpio_07_r'. [C:/Users/hause/Documents/Vivado/Projects/Takuan/Takuan.srcs/constrs_1/imports/PYNQ-Z2/PYNQ-Z2 v1.0.xdc:139]
WARNING: [Vivado 12-584] No ports matched 'rpio_08_r'. [C:/Users/hause/Documents/Vivado/Projects/Takuan/Takuan.srcs/constrs_1/imports/PYNQ-Z2/PYNQ-Z2 v1.0.xdc:140]
WARNING: [Vivado 12-584] No ports matched 'rpio_09_r'. [C:/Users/hause/Documents/Vivado/Projects/Takuan/Takuan.srcs/constrs_1/imports/PYNQ-Z2/PYNQ-Z2 v1.0.xdc:141]
WARNING: [Vivado 12-584] No ports matched 'rpio_10_r'. [C:/Users/hause/Documents/Vivado/Projects/Takuan/Takuan.srcs/constrs_1/imports/PYNQ-Z2/PYNQ-Z2 v1.0.xdc:142]
WARNING: [Vivado 12-584] No ports matched 'rpio_11_r'. [C:/Users/hause/Documents/Vivado/Projects/Takuan/Takuan.srcs/constrs_1/imports/PYNQ-Z2/PYNQ-Z2 v1.0.xdc:143]
WARNING: [Vivado 12-584] No ports matched 'rpio_12_r'. [C:/Users/hause/Documents/Vivado/Projects/Takuan/Takuan.srcs/constrs_1/imports/PYNQ-Z2/PYNQ-Z2 v1.0.xdc:144]
WARNING: [Vivado 12-584] No ports matched 'rpio_13_r'. [C:/Users/hause/Documents/Vivado/Projects/Takuan/Takuan.srcs/constrs_1/imports/PYNQ-Z2/PYNQ-Z2 v1.0.xdc:145]
WARNING: [Vivado 12-584] No ports matched 'rpio_14_r'. [C:/Users/hause/Documents/Vivado/Projects/Takuan/Takuan.srcs/constrs_1/imports/PYNQ-Z2/PYNQ-Z2 v1.0.xdc:146]
WARNING: [Vivado 12-584] No ports matched 'rpio_15_r'. [C:/Users/hause/Documents/Vivado/Projects/Takuan/Takuan.srcs/constrs_1/imports/PYNQ-Z2/PYNQ-Z2 v1.0.xdc:147]
WARNING: [Vivado 12-584] No ports matched 'rpio_16_r'. [C:/Users/hause/Documents/Vivado/Projects/Takuan/Takuan.srcs/constrs_1/imports/PYNQ-Z2/PYNQ-Z2 v1.0.xdc:148]
WARNING: [Vivado 12-584] No ports matched 'rpio_17_r'. [C:/Users/hause/Documents/Vivado/Projects/Takuan/Takuan.srcs/constrs_1/imports/PYNQ-Z2/PYNQ-Z2 v1.0.xdc:149]
WARNING: [Vivado 12-584] No ports matched 'rpio_18_r'. [C:/Users/hause/Documents/Vivado/Projects/Takuan/Takuan.srcs/constrs_1/imports/PYNQ-Z2/PYNQ-Z2 v1.0.xdc:150]
WARNING: [Vivado 12-584] No ports matched 'rpio_19_r'. [C:/Users/hause/Documents/Vivado/Projects/Takuan/Takuan.srcs/constrs_1/imports/PYNQ-Z2/PYNQ-Z2 v1.0.xdc:151]
WARNING: [Vivado 12-584] No ports matched 'rpio_20_r'. [C:/Users/hause/Documents/Vivado/Projects/Takuan/Takuan.srcs/constrs_1/imports/PYNQ-Z2/PYNQ-Z2 v1.0.xdc:152]
WARNING: [Vivado 12-584] No ports matched 'rpio_21_r'. [C:/Users/hause/Documents/Vivado/Projects/Takuan/Takuan.srcs/constrs_1/imports/PYNQ-Z2/PYNQ-Z2 v1.0.xdc:153]
WARNING: [Vivado 12-584] No ports matched 'rpio_22_r'. [C:/Users/hause/Documents/Vivado/Projects/Takuan/Takuan.srcs/constrs_1/imports/PYNQ-Z2/PYNQ-Z2 v1.0.xdc:154]
WARNING: [Vivado 12-584] No ports matched 'rpio_23_r'. [C:/Users/hause/Documents/Vivado/Projects/Takuan/Takuan.srcs/constrs_1/imports/PYNQ-Z2/PYNQ-Z2 v1.0.xdc:155]
WARNING: [Vivado 12-584] No ports matched 'rpio_24_r'. [C:/Users/hause/Documents/Vivado/Projects/Takuan/Takuan.srcs/constrs_1/imports/PYNQ-Z2/PYNQ-Z2 v1.0.xdc:156]
WARNING: [Vivado 12-584] No ports matched 'rpio_25_r'. [C:/Users/hause/Documents/Vivado/Projects/Takuan/Takuan.srcs/constrs_1/imports/PYNQ-Z2/PYNQ-Z2 v1.0.xdc:157]
WARNING: [Vivado 12-584] No ports matched 'rpio_26_r'. [C:/Users/hause/Documents/Vivado/Projects/Takuan/Takuan.srcs/constrs_1/imports/PYNQ-Z2/PYNQ-Z2 v1.0.xdc:158]
WARNING: [Vivado 12-584] No ports matched 'rpio_sd_r'. [C:/Users/hause/Documents/Vivado/Projects/Takuan/Takuan.srcs/constrs_1/imports/PYNQ-Z2/PYNQ-Z2 v1.0.xdc:159]
WARNING: [Vivado 12-584] No ports matched 'rpio_sc_r'. [C:/Users/hause/Documents/Vivado/Projects/Takuan/Takuan.srcs/constrs_1/imports/PYNQ-Z2/PYNQ-Z2 v1.0.xdc:160]
INFO: [Common 17-14] Message 'Vivado 12-584' appears 100 times and further instances of the messages will be disabled. Use the Tcl command set_msg_config to change the current settings. [C:/Users/hause/Documents/Vivado/Projects/Takuan/Takuan.srcs/constrs_1/imports/PYNQ-Z2/PYNQ-Z2 v1.0.xdc:160]
Finished Parsing XDC File [C:/Users/hause/Documents/Vivado/Projects/Takuan/Takuan.srcs/constrs_1/imports/PYNQ-Z2/PYNQ-Z2 v1.0.xdc]
WARNING: [Project 1-498] One or more constraints failed evaluation while reading constraint file [C:/Users/hause/Documents/Vivado/Projects/Takuan/Takuan.srcs/constrs_1/imports/PYNQ-Z2/PYNQ-Z2 v1.0.xdc] and the design contains unresolved black boxes. These constraints will be read post-synthesis (as long as their source constraint file is marked as used_in_implementation) and should be applied correctly then. You should review the constraints listed in the file [.Xil/top_propImpl.xdc] and check the run log file to verify that these constraints were correctly applied.
INFO: [Project 1-236] Implementation specific constraints were found while reading constraint file [C:/Users/hause/Documents/Vivado/Projects/Takuan/Takuan.srcs/constrs_1/imports/PYNQ-Z2/PYNQ-Z2 v1.0.xdc]. These constraints will be ignored for synthesis but will be used in implementation. Impacted constraints are listed in the file [.Xil/top_propImpl.xdc].
Resolution: To avoid this warning, move constraints listed in [.Xil/top_propImpl.xdc] to another XDC file and exclude this new file from synthesis with the used_in_synthesis property (File Properties dialog in GUI) and re-run elaboration/synthesis.
Parsing XDC File [C:/Users/hause/Documents/Vivado/Projects/Takuan/Takuan.runs/synth_1/dont_touch.xdc]
Finished Parsing XDC File [C:/Users/hause/Documents/Vivado/Projects/Takuan/Takuan.runs/synth_1/dont_touch.xdc]
Completed Processing XDC Constraints

Netlist sorting complete. Time (s): cpu = 00:00:00 ; elapsed = 00:00:00 . Memory (MB): peak = 1480.523 ; gain = 0.000
INFO: [Project 1-111] Unisim Transformation Summary:
  A total of 2 instances were transformed.
  IOBUF => IOBUF (IBUF, OBUFT): 2 instances

Constraint Validation Runtime : Time (s): cpu = 00:00:00 ; elapsed = 00:00:00.009 . Memory (MB): peak = 1480.523 ; gain = 0.000
WARNING: [Timing 38-316] Clock period '20.000' specified during out-of-context synthesis of instance 'mb_block_i/inst/axi_bram_ctrl_0_bram_osc_a' at clock pin 'clka' is different from the actual clock period '10.000', this can lead to different synthesis results.
WARNING: [Timing 38-316] Clock period '20.000' specified during out-of-context synthesis of instance 'mb_block_i/inst/axi_bram_ctrl_1_bram_osc_b' at clock pin 'clka' is different from the actual clock period '10.000', this can lead to different synthesis results.
INFO: [Designutils 20-5440] No compile time benefit to using incremental synthesis; A full resynthesis will be run
INFO: [Designutils 20-4379] Flow is switching to default flow due to incremental criteria not met. If you would like to alter this behaviour and have the flow terminate instead, please set the following parameter config_implementation {autoIncr.Synth.RejectBehavior Terminate}
---------------------------------------------------------------------------------
Finished Constraint Validation : Time (s): cpu = 00:00:11 ; elapsed = 00:00:12 . Memory (MB): peak = 1484.621 ; gain = 675.039
---------------------------------------------------------------------------------
---------------------------------------------------------------------------------
Start Loading Part and Timing Information
---------------------------------------------------------------------------------
Loading part: xc7z020clg400-1
---------------------------------------------------------------------------------
Finished Loading Part and Timing Information : Time (s): cpu = 00:00:11 ; elapsed = 00:00:12 . Memory (MB): peak = 1484.621 ; gain = 675.039
---------------------------------------------------------------------------------
---------------------------------------------------------------------------------
Start Applying 'set_property' XDC Constraints
---------------------------------------------------------------------------------
---------------------------------------------------------------------------------
Finished applying 'set_property' XDC Constraints : Time (s): cpu = 00:00:11 ; elapsed = 00:00:12 . Memory (MB): peak = 1484.621 ; gain = 675.039
---------------------------------------------------------------------------------
---------------------------------------------------------------------------------
Finished RTL Optimization Phase 2 : Time (s): cpu = 00:00:11 ; elapsed = 00:00:12 . Memory (MB): peak = 1484.621 ; gain = 675.039
---------------------------------------------------------------------------------
---------------------------------------------------------------------------------
Start RTL Component Statistics 
---------------------------------------------------------------------------------
Detailed RTL Component Info : 
+---Adders : 
	   2 Input    8 Bit       Adders := 1     
+---Registers : 
	               32 Bit    Registers := 1     
	                8 Bit    Registers := 1     
	                1 Bit    Registers := 2     
+---Muxes : 
	   2 Input   32 Bit        Muxes := 2     
	   4 Input   32 Bit        Muxes := 1     
	   2 Input    8 Bit        Muxes := 2     
	   2 Input    1 Bit        Muxes := 3     
---------------------------------------------------------------------------------
Finished RTL Component Statistics 
---------------------------------------------------------------------------------
---------------------------------------------------------------------------------
Start Part Resource Summary
---------------------------------------------------------------------------------
Part Resources:
DSPs: 220 (col length:60)
BRAMs: 280 (col length: RAMB18 60 RAMB36 30)
---------------------------------------------------------------------------------
Finished Part Resource Summary
---------------------------------------------------------------------------------
---------------------------------------------------------------------------------
Start Cross Boundary and Area Optimization
---------------------------------------------------------------------------------
WARNING: [Synth 8-3917] design top has port adr0 driven by constant 1
WARNING: [Synth 8-3917] design top has port adr1 driven by constant 1
WARNING: [Synth 8-7129] Port au_dout_r in module top is either unconnected or has no load
---------------------------------------------------------------------------------
Finished Cross Boundary and Area Optimization : Time (s): cpu = 00:00:13 ; elapsed = 00:00:13 . Memory (MB): peak = 1521.324 ; gain = 711.742
---------------------------------------------------------------------------------
---------------------------------------------------------------------------------
Start Applying XDC Timing Constraints
---------------------------------------------------------------------------------
---------------------------------------------------------------------------------
Finished Applying XDC Timing Constraints : Time (s): cpu = 00:00:16 ; elapsed = 00:00:18 . Memory (MB): peak = 1679.020 ; gain = 869.438
---------------------------------------------------------------------------------
---------------------------------------------------------------------------------
Start Timing Optimization
---------------------------------------------------------------------------------
---------------------------------------------------------------------------------
Finished Timing Optimization : Time (s): cpu = 00:00:16 ; elapsed = 00:00:18 . Memory (MB): peak = 1699.676 ; gain = 890.094
---------------------------------------------------------------------------------
---------------------------------------------------------------------------------
Start Technology Mapping
---------------------------------------------------------------------------------
---------------------------------------------------------------------------------
Finished Technology Mapping : Time (s): cpu = 00:00:17 ; elapsed = 00:00:18 . Memory (MB): peak = 1700.512 ; gain = 890.930
---------------------------------------------------------------------------------
---------------------------------------------------------------------------------
Start IO Insertion
---------------------------------------------------------------------------------
---------------------------------------------------------------------------------
Start Flattening Before IO Insertion
---------------------------------------------------------------------------------
---------------------------------------------------------------------------------
Finished Flattening Before IO Insertion
---------------------------------------------------------------------------------
---------------------------------------------------------------------------------
Start Final Netlist Cleanup
---------------------------------------------------------------------------------
---------------------------------------------------------------------------------
Finished Final Netlist Cleanup
---------------------------------------------------------------------------------
---------------------------------------------------------------------------------
Finished IO Insertion : Time (s): cpu = 00:00:19 ; elapsed = 00:00:20 . Memory (MB): peak = 1939.336 ; gain = 1129.754
---------------------------------------------------------------------------------
---------------------------------------------------------------------------------
Start Renaming Generated Instances
---------------------------------------------------------------------------------
---------------------------------------------------------------------------------
Finished Renaming Generated Instances : Time (s): cpu = 00:00:19 ; elapsed = 00:00:20 . Memory (MB): peak = 1939.336 ; gain = 1129.754
---------------------------------------------------------------------------------
---------------------------------------------------------------------------------
Start Rebuilding User Hierarchy
---------------------------------------------------------------------------------
---------------------------------------------------------------------------------
Finished Rebuilding User Hierarchy : Time (s): cpu = 00:00:19 ; elapsed = 00:00:20 . Memory (MB): peak = 1939.336 ; gain = 1129.754
---------------------------------------------------------------------------------
---------------------------------------------------------------------------------
Start Renaming Generated Ports
---------------------------------------------------------------------------------
---------------------------------------------------------------------------------
Finished Renaming Generated Ports : Time (s): cpu = 00:00:19 ; elapsed = 00:00:20 . Memory (MB): peak = 1939.336 ; gain = 1129.754
---------------------------------------------------------------------------------
---------------------------------------------------------------------------------
Start Handling Custom Attributes
---------------------------------------------------------------------------------
---------------------------------------------------------------------------------
Finished Handling Custom Attributes : Time (s): cpu = 00:00:19 ; elapsed = 00:00:20 . Memory (MB): peak = 1939.336 ; gain = 1129.754
---------------------------------------------------------------------------------
---------------------------------------------------------------------------------
Start Renaming Generated Nets
---------------------------------------------------------------------------------
---------------------------------------------------------------------------------
Finished Renaming Generated Nets : Time (s): cpu = 00:00:19 ; elapsed = 00:00:20 . Memory (MB): peak = 1939.336 ; gain = 1129.754
---------------------------------------------------------------------------------
---------------------------------------------------------------------------------
Start Writing Synthesis Report
---------------------------------------------------------------------------------

Report BlackBoxes: 
+------+--------------------------------+----------+
|      |BlackBox name                   |Instances |
+------+--------------------------------+----------+
|1     |mb_block_axi_bram_ctrl_0_2      |         1|
|2     |mb_block_axi_bram_ctrl_0_bram_1 |         1|
|3     |mb_block_axi_bram_ctrl_1_1      |         1|
|4     |mb_block_axi_bram_ctrl_1_bram_0 |         1|
|5     |mb_block_axi_smc_2              |         1|
|6     |mb_block_processing_system7_0_3 |         1|
|7     |mb_block_rst_ps7_0_100M_1       |         1|
|8     |mb_block_umeboshi_0_2           |         1|
+------+--------------------------------+----------+

Report Cell Usage: 
+------+------------------------------+------+
|      |Cell                          |Count |
+------+------------------------------+------+
|1     |mb_block_axi_bram_ctrl_0      |     1|
|2     |mb_block_axi_bram_ctrl_0_bram |     1|
|3     |mb_block_axi_bram_ctrl_1      |     1|
|4     |mb_block_axi_bram_ctrl_1_bram |     1|
|5     |mb_block_axi_smc              |     1|
|6     |mb_block_processing_system7_0 |     1|
|7     |mb_block_rst_ps7_0_100M       |     1|
|8     |mb_block_umeboshi_0           |     1|
|9     |LUT1                          |     1|
|10    |LUT2                          |     2|
|11    |LUT3                          |    25|
|12    |LUT4                          |     3|
|13    |LUT5                          |     3|
|14    |LUT6                          |     4|
|15    |FDRE                          |    34|
|16    |IOBUF                         |     2|
|17    |OBUF                          |     6|
+------+------------------------------+------+
---------------------------------------------------------------------------------
Finished Writing Synthesis Report : Time (s): cpu = 00:00:19 ; elapsed = 00:00:20 . Memory (MB): peak = 1939.336 ; gain = 1129.754
---------------------------------------------------------------------------------
Synthesis finished with 0 errors, 0 critical warnings and 3 warnings.
Synthesis Optimization Runtime : Time (s): cpu = 00:00:12 ; elapsed = 00:00:19 . Memory (MB): peak = 1939.336 ; gain = 1125.656
Synthesis Optimization Complete : Time (s): cpu = 00:00:19 ; elapsed = 00:00:20 . Memory (MB): peak = 1939.336 ; gain = 1129.754
INFO: [Project 1-571] Translating synthesized netlist
Netlist sorting complete. Time (s): cpu = 00:00:00 ; elapsed = 00:00:00.007 . Memory (MB): peak = 1939.336 ; gain = 0.000
INFO: [Netlist 29-17] Analyzing 2 Unisim elements for replacement
INFO: [Netlist 29-28] Unisim Transformation completed in 0 CPU seconds
INFO: [Project 1-570] Preparing netlist for logic optimization
INFO: [Opt 31-138] Pushed 0 inverter(s) to 0 load pin(s).
Netlist sorting complete. Time (s): cpu = 00:00:00 ; elapsed = 00:00:00.001 . Memory (MB): peak = 1952.121 ; gain = 0.000
INFO: [Project 1-111] Unisim Transformation Summary:
  A total of 2 instances were transformed.
  IOBUF => IOBUF (IBUF, OBUFT): 2 instances

Synth Design complete | Checksum: 5441c556
INFO: [Common 17-83] Releasing license: Synthesis
53 Infos, 128 Warnings, 0 Critical Warnings and 0 Errors encountered.
synth_design completed successfully
synth_design: Time (s): cpu = 00:00:22 ; elapsed = 00:00:26 . Memory (MB): peak = 1952.121 ; gain = 1374.113
Write ShapeDB Complete: Time (s): cpu = 00:00:00 ; elapsed = 00:00:00.001 . Memory (MB): peak = 1952.121 ; gain = 0.000
INFO: [Common 17-1381] The checkpoint 'C:/Users/hause/Documents/Vivado/Projects/Takuan/Takuan.runs/synth_1/top.dcp' has been generated.
INFO: [Vivado 12-24828] Executing command : report_utilization -file top_utilization_synth.rpt -pb top_utilization_synth.pb
INFO: [Common 17-206] Exiting Vivado at Thu Mar 19 18:58:29 2026...
