
*** Running vivado
    with args -log umeboshi_0.vds -m64 -product Vivado -mode batch -messageDb vivado.pb -notrace -source umeboshi_0.tcl



****** Vivado v2025.2 (64-bit)
  **** SW Build 6299465 on Fri Nov 14 19:35:11 GMT 2025
  **** IP Build 6300035 on Fri Nov 14 10:48:45 MST 2025
  **** SharedData Build 6298862 on Thu Nov 13 04:50:51 MST 2025
  **** Start of session at: Fri Feb 20 00:52:39 2026
    ** Copyright 1986-2022 Xilinx, Inc. All Rights Reserved.
    ** Copyright 2022-2025 Advanced Micro Devices, Inc. All Rights Reserved.

source umeboshi_0.tcl -notrace
INFO: [IP_Flow 19-234] Refreshing IP repositories
INFO: [IP_Flow 19-1700] Loaded user IP repository 'c:/Users/hause/Documents/Vivado/IP'.
INFO: [IP_Flow 19-2313] Loaded Vivado IP repository 'C:/AMDDesignTools/2025.2/Vivado/data/ip'.
Command: synth_design -top umeboshi_0 -part xc7z020clg400-1 -incremental_mode off -mode out_of_context
Starting synth_design
Attempting to get a license for feature 'Synthesis' and/or device 'xc7z020'
INFO: [Common 17-349] Got license for feature 'Synthesis' and/or device 'xc7z020'
INFO: [Device 21-403] Loading part xc7z020clg400-1
INFO: [Synth 8-7079] Multithreading enabled for synth_design using a maximum of 2 processes.
INFO: [Synth 8-7078] Launching helper process for spawning children vivado processes
INFO: [Synth 8-7075] Helper process launched with PID 21788
---------------------------------------------------------------------------------
Starting RTL Elaboration : Time (s): cpu = 00:00:05 ; elapsed = 00:00:05 . Memory (MB): peak = 1316.016 ; gain = 539.465
---------------------------------------------------------------------------------
INFO: [Synth 8-11241] undeclared symbol 'tick', assumed default net type 'wire' [c:/Users/hause/Documents/Vivado/Projects/umeboshiTB/umeboshiTB.gen/sources_1/ip/umeboshi_0/hdl/synth_256.sv:142]
INFO: [Synth 8-256] done synthesizing module 'osc_a_bram' (0#1) [c:/Users/hause/Documents/Vivado/Projects/umeboshiTB/umeboshiTB.gen/sources_1/ip/umeboshi_0/src/osc_a_bram/synth/osc_a_bram.vhd:76]
WARNING: [Synth 8-6104] Input port 'bram0_data_b' has an internal driver [c:/Users/hause/Documents/Vivado/Projects/umeboshiTB/umeboshiTB.gen/sources_1/ip/umeboshi_0/hdl/umeboshi.v:104]
INFO: [Synth 8-638] synthesizing module 'osc_b_bram' [c:/Users/hause/Documents/Vivado/Projects/umeboshiTB/umeboshiTB.gen/sources_1/ip/umeboshi_0/src/osc_b_bram/synth/osc_b_bram.vhd:76]
	Parameter C_FAMILY bound to: zynq - type: string 
	Parameter C_XDEVICEFAMILY bound to: zynq - type: string 
	Parameter C_ELABORATION_DIR bound to: ./ - type: string 
	Parameter C_INTERFACE_TYPE bound to: 0 - type: integer 
	Parameter C_AXI_TYPE bound to: 1 - type: integer 
	Parameter C_AXI_SLAVE_TYPE bound to: 0 - type: integer 
	Parameter C_USE_BRAM_BLOCK bound to: 0 - type: integer 
	Parameter C_ENABLE_32BIT_ADDRESS bound to: 0 - type: integer 
	Parameter C_CTRL_ECC_ALGO bound to: NONE - type: string 
	Parameter C_HAS_AXI_ID bound to: 0 - type: integer 
	Parameter C_AXI_ID_WIDTH bound to: 4 - type: integer 
	Parameter C_MEM_TYPE bound to: 2 - type: integer 
	Parameter C_BYTE_SIZE bound to: 9 - type: integer 
	Parameter C_ALGORITHM bound to: 1 - type: integer 
	Parameter C_PRIM_TYPE bound to: 1 - type: integer 
	Parameter C_LOAD_INIT_FILE bound to: 0 - type: integer 
	Parameter C_INIT_FILE_NAME bound to: no_coe_file_loaded - type: string 
	Parameter C_INIT_FILE bound to: osc_b_bram.mem - type: string 
	Parameter C_USE_DEFAULT_DATA bound to: 0 - type: integer 
	Parameter C_DEFAULT_DATA bound to: 0 - type: string 
	Parameter C_HAS_RSTA bound to: 0 - type: integer 
	Parameter C_RST_PRIORITY_A bound to: CE - type: string 
	Parameter C_RSTRAM_A bound to: 0 - type: integer 
	Parameter C_INITA_VAL bound to: 0 - type: string 
	Parameter C_HAS_ENA bound to: 1 - type: integer 
	Parameter C_HAS_REGCEA bound to: 0 - type: integer 
	Parameter C_USE_BYTE_WEA bound to: 0 - type: integer 
	Parameter C_WEA_WIDTH bound to: 1 - type: integer 
	Parameter C_WRITE_MODE_A bound to: WRITE_FIRST - type: string 
	Parameter C_WRITE_WIDTH_A bound to: 32 - type: integer 
	Parameter C_READ_WIDTH_A bound to: 32 - type: integer 
	Parameter C_WRITE_DEPTH_A bound to: 32 - type: integer 
	Parameter C_READ_DEPTH_A bound to: 32 - type: integer 
	Parameter C_ADDRA_WIDTH bound to: 5 - type: integer 
	Parameter C_HAS_RSTB bound to: 0 - type: integer 
	Parameter C_RST_PRIORITY_B bound to: CE - type: string 
	Parameter C_RSTRAM_B bound to: 0 - type: integer 
	Parameter C_INITB_VAL bound to: 0 - type: string 
	Parameter C_HAS_ENB bound to: 1 - type: integer 
	Parameter C_HAS_REGCEB bound to: 0 - type: integer 
	Parameter C_USE_BYTE_WEB bound to: 0 - type: integer 
	Parameter C_WEB_WIDTH bound to: 1 - type: integer 
	Parameter C_WRITE_MODE_B bound to: WRITE_FIRST - type: string 
	Parameter C_WRITE_WIDTH_B bound to: 32 - type: integer 
	Parameter C_READ_WIDTH_B bound to: 32 - type: integer 
	Parameter C_WRITE_DEPTH_B bound to: 32 - type: integer 
	Parameter C_READ_DEPTH_B bound to: 32 - type: integer 
	Parameter C_ADDRB_WIDTH bound to: 5 - type: integer 
	Parameter C_HAS_MEM_OUTPUT_REGS_A bound to: 0 - type: integer 
	Parameter C_HAS_MEM_OUTPUT_REGS_B bound to: 0 - type: integer 
	Parameter C_HAS_MUX_OUTPUT_REGS_A bound to: 0 - type: integer 
	Parameter C_HAS_MUX_OUTPUT_REGS_B bound to: 0 - type: integer 
	Parameter C_MUX_PIPELINE_STAGES bound to: 0 - type: integer 
	Parameter C_HAS_SOFTECC_INPUT_REGS_A bound to: 0 - type: integer 
	Parameter C_HAS_SOFTECC_OUTPUT_REGS_B bound to: 0 - type: integer 
	Parameter C_USE_SOFTECC bound to: 0 - type: integer 
	Parameter C_USE_ECC bound to: 0 - type: integer 
	Parameter C_EN_ECC_PIPE bound to: 0 - type: integer 
	Parameter C_READ_LATENCY_A bound to: 1 - type: integer 
	Parameter C_READ_LATENCY_B bound to: 1 - type: integer 
	Parameter C_HAS_INJECTERR bound to: 0 - type: integer 
	Parameter C_SIM_COLLISION_CHECK bound to: ALL - type: string 
	Parameter C_COMMON_CLK bound to: 0 - type: integer 
	Parameter C_DISABLE_WARN_BHV_COLL bound to: 0 - type: integer 
	Parameter C_EN_SLEEP_PIN bound to: 0 - type: integer 
	Parameter C_USE_URAM bound to: 0 - type: integer 
	Parameter C_EN_RDADDRA_CHG bound to: 0 - type: integer 
	Parameter C_EN_RDADDRB_CHG bound to: 0 - type: integer 
	Parameter C_EN_DEEPSLEEP_PIN bound to: 0 - type: integer 
	Parameter C_EN_SHUTDOWN_PIN bound to: 0 - type: integer 
	Parameter C_EN_SAFETY_CKT bound to: 0 - type: integer 
	Parameter C_DISABLE_WARN_BHV_RANGE bound to: 0 - type: integer 
	Parameter C_COUNT_36K_BRAM bound to: 1 - type: string 
	Parameter C_COUNT_18K_BRAM bound to: 0 - type: string 
	Parameter C_EST_POWER_SUMMARY bound to: Estimated Power for IP     :     5.9043 mW - type: string 
INFO: [Synth 8-3491] module 'blk_mem_gen_v8_4_12' declared at 'c:/Users/hause/Documents/Vivado/Projects/umeboshiTB/umeboshiTB.gen/sources_1/ip/umeboshi_0/src/osc_b_bram/hdl/blk_mem_gen_v8_4_vhsyn_rfs.vhd:195209' bound to instance 'U0' of component 'blk_mem_gen_v8_4_12' [c:/Users/hause/Documents/Vivado/Projects/umeboshiTB/umeboshiTB.gen/sources_1/ip/umeboshi_0/src/osc_b_bram/synth/osc_b_bram.vhd:252]
INFO: [Synth 8-256] done synthesizing module 'osc_b_bram' (0#1) [c:/Users/hause/Documents/Vivado/Projects/umeboshiTB/umeboshiTB.gen/sources_1/ip/umeboshi_0/src/osc_b_bram/synth/osc_b_bram.vhd:76]
WARNING: [Synth 8-6104] Input port 'bram1_data_b' has an internal driver [c:/Users/hause/Documents/Vivado/Projects/umeboshiTB/umeboshiTB.gen/sources_1/ip/umeboshi_0/hdl/umeboshi.v:119]
INFO: [Synth 8-6155] done synthesizing module 'umeboshi' (0#1) [c:/Users/hause/Documents/Vivado/Projects/umeboshiTB/umeboshiTB.gen/sources_1/ip/umeboshi_0/hdl/umeboshi.v:4]
INFO: [Synth 8-6155] done synthesizing module 'umeboshi_0' (0#1) [c:/Users/hause/Documents/Vivado/Projects/umeboshiTB/umeboshiTB.gen/sources_1/ip/umeboshi_0/synth/umeboshi_0.v:53]
WARNING: [Synth 8-6014] Unused sequential element op_wt_lfo_id_mem_reg was removed. 
WARNING: [Synth 8-6014] Unused sequential element lfo_stride_mem_reg was removed. 
WARNING: [Synth 8-6014] Unused sequential element axi_awaddr_reg was removed.  [c:/Users/hause/Documents/Vivado/Projects/umeboshiTB/umeboshiTB.gen/sources_1/ip/umeboshi_0/hdl/umeboshi_slave_lite_v1_0_axi_synth_engine.v:141]
WARNING: [Synth 8-6014] Unused sequential element axi_araddr_reg was removed.  [c:/Users/hause/Documents/Vivado/Projects/umeboshiTB/umeboshiTB.gen/sources_1/ip/umeboshi_0/hdl/umeboshi_slave_lite_v1_0_axi_synth_engine.v:237]
INFO: [Synth 8-7129] Port CLKB in module blk_mem_output_block__parameterized0 is either unconnected or has no load
INFO: [Synth 8-7129] Port SBITERR_I in module blk_mem_output_block__parameterized0 is either unconnected or has no load
INFO: [Synth 8-7129] Port DBITERR_I in module blk_mem_output_block__parameterized0 is either unconnected or has no load
INFO: [Synth 8-7129] Port RDADDRECC_I[4] in module blk_mem_output_block__parameterized0 is either unconnected or has no load
INFO: [Synth 8-7129] Port RDADDRECC_I[3] in module blk_mem_output_block__parameterized0 is either unconnected or has no load
INFO: [Synth 8-7129] Port RDADDRECC_I[2] in module blk_mem_output_block__parameterized0 is either unconnected or has no load
INFO: [Synth 8-7129] Port RDADDRECC_I[1] in module blk_mem_output_block__parameterized0 is either unconnected or has no load
INFO: [Synth 8-7129] Port RDADDRECC_I[0] in module blk_mem_output_block__parameterized0 is either unconnected or has no load
INFO: [Synth 8-7129] Port SBITERR in module blk_mem_gen_prim_wrapper is either unconnected or has no load
INFO: [Synth 8-7129] Port DBITERR in module blk_mem_gen_prim_wrapper is either unconnected or has no load
INFO: [Synth 8-7129] Port SSRA in module blk_mem_gen_prim_wrapper is either unconnected or has no load
INFO: [Synth 8-7129] Port SSRB in module blk_mem_gen_prim_wrapper is either unconnected or has no load
INFO: [Synth 8-7129] Port SLEEP in module blk_mem_gen_prim_wrapper is either unconnected or has no load
INFO: [Synth 8-7129] Port INJECTSBITERR in module blk_mem_gen_prim_wrapper is either unconnected or has no load
INFO: [Synth 8-7129] Port INJECTDBITERR in module blk_mem_gen_prim_wrapper is either unconnected or has no load
INFO: [Synth 8-7129] Port ECCPIPECE in module blk_mem_gen_prim_wrapper is either unconnected or has no load
INFO: [Synth 8-7129] Port REGCEA[0] in module blk_mem_gen_generic_cstr__parameterized0 is either unconnected or has no load
INFO: [Synth 8-7129] Port WEA[3] in module blk_mem_gen_generic_cstr__parameterized0 is either unconnected or has no load
INFO: [Synth 8-7129] Port WEA[2] in module blk_mem_gen_generic_cstr__parameterized0 is either unconnected or has no load
INFO: [Synth 8-7129] Port WEA[1] in module blk_mem_gen_generic_cstr__parameterized0 is either unconnected or has no load
INFO: [Synth 8-7129] Port REGCEB[0] in module blk_mem_gen_generic_cstr__parameterized0 is either unconnected or has no load
INFO: [Synth 8-7129] Port WEB[3] in module blk_mem_gen_generic_cstr__parameterized0 is either unconnected or has no load
INFO: [Synth 8-7129] Port WEB[2] in module blk_mem_gen_generic_cstr__parameterized0 is either unconnected or has no load
INFO: [Synth 8-7129] Port WEB[1] in module blk_mem_gen_generic_cstr__parameterized0 is either unconnected or has no load
INFO: [Synth 8-7129] Port INJECTSBITERR in module blk_mem_gen_generic_cstr__parameterized0 is either unconnected or has no load
INFO: [Synth 8-7129] Port INJECTDBITERR in module blk_mem_gen_generic_cstr__parameterized0 is either unconnected or has no load
INFO: [Synth 8-7129] Port RSTA in module blk_mem_input_block__parameterized0 is either unconnected or has no load
INFO: [Synth 8-7129] Port REGCEA in module blk_mem_input_block__parameterized0 is either unconnected or has no load
INFO: [Synth 8-7129] Port RSTB in module blk_mem_input_block__parameterized0 is either unconnected or has no load
INFO: [Synth 8-7129] Port REGCEB in module blk_mem_input_block__parameterized0 is either unconnected or has no load
INFO: [Synth 8-7129] Port INJECTDBITERR in module blk_mem_input_block__parameterized0 is either unconnected or has no load
INFO: [Synth 8-7129] Port INJECTSBITERR in module blk_mem_input_block__parameterized0 is either unconnected or has no load
INFO: [Synth 8-7129] Port S_AClk in module blk_mem_gen_v8_4_12_synth__parameterized0 is either unconnected or has no load
INFO: [Synth 8-7129] Port S_ARESETN in module blk_mem_gen_v8_4_12_synth__parameterized0 is either unconnected or has no load
INFO: [Synth 8-7129] Port S_AXI_AWID[3] in module blk_mem_gen_v8_4_12_synth__parameterized0 is either unconnected or has no load
INFO: [Synth 8-7129] Port S_AXI_AWID[2] in module blk_mem_gen_v8_4_12_synth__parameterized0 is either unconnected or has no load
INFO: [Synth 8-7129] Port S_AXI_AWID[1] in module blk_mem_gen_v8_4_12_synth__parameterized0 is either unconnected or has no load
INFO: [Synth 8-7129] Port S_AXI_AWID[0] in module blk_mem_gen_v8_4_12_synth__parameterized0 is either unconnected or has no load
INFO: [Synth 8-7129] Port S_AXI_AWADDR[31] in module blk_mem_gen_v8_4_12_synth__parameterized0 is either unconnected or has no load
INFO: [Synth 8-7129] Port S_AXI_AWADDR[30] in module blk_mem_gen_v8_4_12_synth__parameterized0 is either unconnected or has no load
INFO: [Synth 8-7129] Port S_AXI_AWADDR[29] in module blk_mem_gen_v8_4_12_synth__parameterized0 is either unconnected or has no load
INFO: [Synth 8-7129] Port S_AXI_AWADDR[28] in module blk_mem_gen_v8_4_12_synth__parameterized0 is either unconnected or has no load
INFO: [Synth 8-7129] Port S_AXI_AWADDR[27] in module blk_mem_gen_v8_4_12_synth__parameterized0 is either unconnected or has no load
INFO: [Synth 8-7129] Port S_AXI_AWADDR[26] in module blk_mem_gen_v8_4_12_synth__parameterized0 is either unconnected or has no load
INFO: [Synth 8-7129] Port S_AXI_AWADDR[25] in module blk_mem_gen_v8_4_12_synth__parameterized0 is either unconnected or has no load
INFO: [Synth 8-7129] Port S_AXI_AWADDR[24] in module blk_mem_gen_v8_4_12_synth__parameterized0 is either unconnected or has no load
INFO: [Synth 8-7129] Port S_AXI_AWADDR[23] in module blk_mem_gen_v8_4_12_synth__parameterized0 is either unconnected or has no load
INFO: [Synth 8-7129] Port S_AXI_AWADDR[22] in module blk_mem_gen_v8_4_12_synth__parameterized0 is either unconnected or has no load
INFO: [Synth 8-7129] Port S_AXI_AWADDR[21] in module blk_mem_gen_v8_4_12_synth__parameterized0 is either unconnected or has no load
INFO: [Synth 8-7129] Port S_AXI_AWADDR[20] in module blk_mem_gen_v8_4_12_synth__parameterized0 is either unconnected or has no load
INFO: [Synth 8-7129] Port S_AXI_AWADDR[19] in module blk_mem_gen_v8_4_12_synth__parameterized0 is either unconnected or has no load
INFO: [Synth 8-7129] Port S_AXI_AWADDR[18] in module blk_mem_gen_v8_4_12_synth__parameterized0 is either unconnected or has no load
INFO: [Synth 8-7129] Port S_AXI_AWADDR[17] in module blk_mem_gen_v8_4_12_synth__parameterized0 is either unconnected or has no load
INFO: [Synth 8-7129] Port S_AXI_AWADDR[16] in module blk_mem_gen_v8_4_12_synth__parameterized0 is either unconnected or has no load
INFO: [Synth 8-7129] Port S_AXI_AWADDR[15] in module blk_mem_gen_v8_4_12_synth__parameterized0 is either unconnected or has no load
INFO: [Synth 8-7129] Port S_AXI_AWADDR[14] in module blk_mem_gen_v8_4_12_synth__parameterized0 is either unconnected or has no load
INFO: [Synth 8-7129] Port S_AXI_AWADDR[13] in module blk_mem_gen_v8_4_12_synth__parameterized0 is either unconnected or has no load
INFO: [Synth 8-7129] Port S_AXI_AWADDR[12] in module blk_mem_gen_v8_4_12_synth__parameterized0 is either unconnected or has no load
INFO: [Synth 8-7129] Port S_AXI_AWADDR[11] in module blk_mem_gen_v8_4_12_synth__parameterized0 is either unconnected or has no load
INFO: [Synth 8-7129] Port S_AXI_AWADDR[10] in module blk_mem_gen_v8_4_12_synth__parameterized0 is either unconnected or has no load
INFO: [Synth 8-7129] Port S_AXI_AWADDR[9] in module blk_mem_gen_v8_4_12_synth__parameterized0 is either unconnected or has no load
INFO: [Synth 8-7129] Port S_AXI_AWADDR[8] in module blk_mem_gen_v8_4_12_synth__parameterized0 is either unconnected or has no load
INFO: [Synth 8-7129] Port S_AXI_AWADDR[7] in module blk_mem_gen_v8_4_12_synth__parameterized0 is either unconnected or has no load
INFO: [Synth 8-7129] Port S_AXI_AWADDR[6] in module blk_mem_gen_v8_4_12_synth__parameterized0 is either unconnected or has no load
INFO: [Synth 8-7129] Port S_AXI_AWADDR[5] in module blk_mem_gen_v8_4_12_synth__parameterized0 is either unconnected or has no load
INFO: [Synth 8-7129] Port S_AXI_AWADDR[4] in module blk_mem_gen_v8_4_12_synth__parameterized0 is either unconnected or has no load
INFO: [Synth 8-7129] Port S_AXI_AWADDR[3] in module blk_mem_gen_v8_4_12_synth__parameterized0 is either unconnected or has no load
INFO: [Synth 8-7129] Port S_AXI_AWADDR[2] in module blk_mem_gen_v8_4_12_synth__parameterized0 is either unconnected or has no load
INFO: [Synth 8-7129] Port S_AXI_AWADDR[1] in module blk_mem_gen_v8_4_12_synth__parameterized0 is either unconnected or has no load
INFO: [Synth 8-7129] Port S_AXI_AWADDR[0] in module blk_mem_gen_v8_4_12_synth__parameterized0 is either unconnected or has no load
INFO: [Synth 8-7129] Port S_AXI_AWLEN[7] in module blk_mem_gen_v8_4_12_synth__parameterized0 is either unconnected or has no load
INFO: [Synth 8-7129] Port S_AXI_AWLEN[6] in module blk_mem_gen_v8_4_12_synth__parameterized0 is either unconnected or has no load
INFO: [Synth 8-7129] Port S_AXI_AWLEN[5] in module blk_mem_gen_v8_4_12_synth__parameterized0 is either unconnected or has no load
INFO: [Synth 8-7129] Port S_AXI_AWLEN[4] in module blk_mem_gen_v8_4_12_synth__parameterized0 is either unconnected or has no load
INFO: [Synth 8-7129] Port S_AXI_AWLEN[3] in module blk_mem_gen_v8_4_12_synth__parameterized0 is either unconnected or has no load
INFO: [Synth 8-7129] Port S_AXI_AWLEN[2] in module blk_mem_gen_v8_4_12_synth__parameterized0 is either unconnected or has no load
INFO: [Synth 8-7129] Port S_AXI_AWLEN[1] in module blk_mem_gen_v8_4_12_synth__parameterized0 is either unconnected or has no load
INFO: [Synth 8-7129] Port S_AXI_AWLEN[0] in module blk_mem_gen_v8_4_12_synth__parameterized0 is either unconnected or has no load
INFO: [Synth 8-7129] Port S_AXI_AWSIZE[2] in module blk_mem_gen_v8_4_12_synth__parameterized0 is either unconnected or has no load
INFO: [Synth 8-7129] Port S_AXI_AWSIZE[1] in module blk_mem_gen_v8_4_12_synth__parameterized0 is either unconnected or has no load
INFO: [Synth 8-7129] Port S_AXI_AWSIZE[0] in module blk_mem_gen_v8_4_12_synth__parameterized0 is either unconnected or has no load
INFO: [Synth 8-7129] Port S_AXI_AWBURST[1] in module blk_mem_gen_v8_4_12_synth__parameterized0 is either unconnected or has no load
INFO: [Synth 8-7129] Port S_AXI_AWBURST[0] in module blk_mem_gen_v8_4_12_synth__parameterized0 is either unconnected or has no load
INFO: [Synth 8-7129] Port S_AXI_AWVALID in module blk_mem_gen_v8_4_12_synth__parameterized0 is either unconnected or has no load
INFO: [Synth 8-7129] Port S_AXI_WDATA[31] in module blk_mem_gen_v8_4_12_synth__parameterized0 is either unconnected or has no load
INFO: [Synth 8-7129] Port S_AXI_WDATA[30] in module blk_mem_gen_v8_4_12_synth__parameterized0 is either unconnected or has no load
INFO: [Synth 8-7129] Port S_AXI_WDATA[29] in module blk_mem_gen_v8_4_12_synth__parameterized0 is either unconnected or has no load
INFO: [Synth 8-7129] Port S_AXI_WDATA[28] in module blk_mem_gen_v8_4_12_synth__parameterized0 is either unconnected or has no load
INFO: [Synth 8-7129] Port S_AXI_WDATA[27] in module blk_mem_gen_v8_4_12_synth__parameterized0 is either unconnected or has no load
INFO: [Synth 8-7129] Port S_AXI_WDATA[26] in module blk_mem_gen_v8_4_12_synth__parameterized0 is either unconnected or has no load
INFO: [Synth 8-7129] Port S_AXI_WDATA[25] in module blk_mem_gen_v8_4_12_synth__parameterized0 is either unconnected or has no load
INFO: [Synth 8-7129] Port S_AXI_WDATA[24] in module blk_mem_gen_v8_4_12_synth__parameterized0 is either unconnected or has no load
INFO: [Synth 8-7129] Port S_AXI_WDATA[23] in module blk_mem_gen_v8_4_12_synth__parameterized0 is either unconnected or has no load
INFO: [Synth 8-7129] Port S_AXI_WDATA[22] in module blk_mem_gen_v8_4_12_synth__parameterized0 is either unconnected or has no load
INFO: [Synth 8-7129] Port S_AXI_WDATA[21] in module blk_mem_gen_v8_4_12_synth__parameterized0 is either unconnected or has no load
INFO: [Synth 8-7129] Port S_AXI_WDATA[20] in module blk_mem_gen_v8_4_12_synth__parameterized0 is either unconnected or has no load
INFO: [Synth 8-7129] Port S_AXI_WDATA[19] in module blk_mem_gen_v8_4_12_synth__parameterized0 is either unconnected or has no load
INFO: [Synth 8-7129] Port S_AXI_WDATA[18] in module blk_mem_gen_v8_4_12_synth__parameterized0 is either unconnected or has no load
INFO: [Synth 8-7129] Port S_AXI_WDATA[17] in module blk_mem_gen_v8_4_12_synth__parameterized0 is either unconnected or has no load
INFO: [Synth 8-7129] Port S_AXI_WDATA[16] in module blk_mem_gen_v8_4_12_synth__parameterized0 is either unconnected or has no load
INFO: [Common 17-14] Message 'Synth 8-7129' appears 100 times and further instances of the messages will be disabled. Use the Tcl command set_msg_config to change the current settings.
---------------------------------------------------------------------------------
Finished RTL Elaboration : Time (s): cpu = 00:00:39 ; elapsed = 00:00:44 . Memory (MB): peak = 2251.746 ; gain = 1475.195
---------------------------------------------------------------------------------
---------------------------------------------------------------------------------
Start Handling Custom Attributes
---------------------------------------------------------------------------------
---------------------------------------------------------------------------------
Finished Handling Custom Attributes : Time (s): cpu = 00:00:39 ; elapsed = 00:00:44 . Memory (MB): peak = 2251.746 ; gain = 1475.195
---------------------------------------------------------------------------------
---------------------------------------------------------------------------------
Finished RTL Optimization Phase 1 : Time (s): cpu = 00:00:39 ; elapsed = 00:00:44 . Memory (MB): peak = 2251.746 ; gain = 1475.195
---------------------------------------------------------------------------------
Netlist sorting complete. Time (s): cpu = 00:00:00 ; elapsed = 00:00:00.081 . Memory (MB): peak = 2251.746 ; gain = 0.000
INFO: [Netlist 29-17] Analyzing 117 Unisim elements for replacement
INFO: [Netlist 29-28] Unisim Transformation completed in 0 CPU seconds
INFO: [Project 1-570] Preparing netlist for logic optimization

Processing XDC Constraints
Initializing timing engine
Parsing XDC File [C:/Users/hause/Documents/Vivado/Projects/umeboshiTB/umeboshiTB.runs/umeboshi_0_synth_1/dont_touch.xdc]
Finished Parsing XDC File [C:/Users/hause/Documents/Vivado/Projects/umeboshiTB/umeboshiTB.runs/umeboshi_0_synth_1/dont_touch.xdc]
Completed Processing XDC Constraints

Netlist sorting complete. Time (s): cpu = 00:00:00 ; elapsed = 00:00:00.001 . Memory (MB): peak = 2251.746 ; gain = 0.000
INFO: [Project 1-111] Unisim Transformation Summary:
No Unisim elements were transformed.

Constraint Validation Runtime : Time (s): cpu = 00:00:00 ; elapsed = 00:00:00.125 . Memory (MB): peak = 2251.746 ; gain = 0.000
INFO: [Designutils 20-5008] Incremental synthesis strategy off
---------------------------------------------------------------------------------
Finished Constraint Validation : Time (s): cpu = 00:00:47 ; elapsed = 00:00:52 . Memory (MB): peak = 2251.746 ; gain = 1475.195
---------------------------------------------------------------------------------
---------------------------------------------------------------------------------
Start Loading Part and Timing Information
---------------------------------------------------------------------------------
Loading part: xc7z020clg400-1
---------------------------------------------------------------------------------
Finished Loading Part and Timing Information : Time (s): cpu = 00:00:47 ; elapsed = 00:00:52 . Memory (MB): peak = 2251.746 ; gain = 1475.195
---------------------------------------------------------------------------------
---------------------------------------------------------------------------------
Start Applying 'set_property' XDC Constraints
---------------------------------------------------------------------------------
---------------------------------------------------------------------------------
Finished applying 'set_property' XDC Constraints : Time (s): cpu = 00:00:47 ; elapsed = 00:00:53 . Memory (MB): peak = 2251.746 ; gain = 1475.195
---------------------------------------------------------------------------------
WARNING: [Synth 8-6014] Unused sequential element next_env_vol2_reg was removed.  [c:/Users/hause/Documents/Vivado/Projects/umeboshiTB/umeboshiTB.gen/sources_1/ip/umeboshi_0/hdl/synth_256.sv:293]
INFO: [Synth 8-802] inferred FSM for state register 'state_write_reg' in module 'umeboshi_slave_lite_v1_0_axi_synth_engine'
INFO: [Synth 8-802] inferred FSM for state register 'state_read_reg' in module 'umeboshi_slave_lite_v1_0_axi_synth_engine'
---------------------------------------------------------------------------------------------------
                   State |                     New Encoding |                Previous Encoding 
---------------------------------------------------------------------------------------------------
                    Idle |                               00 |                               00
                   Waddr |                               01 |                               10
                   Wdata |                               10 |                               11
---------------------------------------------------------------------------------------------------
INFO: [Synth 8-3354] encoded FSM with state register 'state_write_reg' using encoding 'sequential' in module 'umeboshi_slave_lite_v1_0_axi_synth_engine'
---------------------------------------------------------------------------------------------------
                   State |                     New Encoding |                Previous Encoding 
---------------------------------------------------------------------------------------------------
                    Idle |                               00 |                               00
                   Raddr |                               01 |                               10
                   Rdata |                               10 |                               11
---------------------------------------------------------------------------------------------------
INFO: [Synth 8-3354] encoded FSM with state register 'state_read_reg' using encoding 'sequential' in module 'umeboshi_slave_lite_v1_0_axi_synth_engine'
WARNING: [Synth 8-327] inferring latch for variable 'synth_wr_key_on_reg' [c:/Users/hause/Documents/Vivado/Projects/umeboshiTB/umeboshiTB.gen/sources_1/ip/umeboshi_0/hdl/umeboshi_slave_lite_v1_0_axi_synth_engine.v:296]
WARNING: [Synth 8-327] inferring latch for variable 'synth_wr_gain_env_reg' [c:/Users/hause/Documents/Vivado/Projects/umeboshiTB/umeboshiTB.gen/sources_1/ip/umeboshi_0/hdl/umeboshi_slave_lite_v1_0_axi_synth_engine.v:297]
WARNING: [Synth 8-327] inferring latch for variable 'synth_wr_lfo_id_reg' [c:/Users/hause/Documents/Vivado/Projects/umeboshiTB/umeboshiTB.gen/sources_1/ip/umeboshi_0/hdl/umeboshi_slave_lite_v1_0_axi_synth_engine.v:298]
WARNING: [Synth 8-327] inferring latch for variable 'synth_wr_wt_id_reg' [c:/Users/hause/Documents/Vivado/Projects/umeboshiTB/umeboshiTB.gen/sources_1/ip/umeboshi_0/hdl/umeboshi_slave_lite_v1_0_axi_synth_engine.v:299]
---------------------------------------------------------------------------------
Finished RTL Optimization Phase 2 : Time (s): cpu = 00:00:48 ; elapsed = 00:00:54 . Memory (MB): peak = 2251.746 ; gain = 1475.195
---------------------------------------------------------------------------------
---------------------------------------------------------------------------------
Start RTL Component Statistics 
---------------------------------------------------------------------------------
---------------------------------------------------------------------------------
Finished RTL Component Statistics 
---------------------------------------------------------------------------------
---------------------------------------------------------------------------------
Start Part Resource Summary
---------------------------------------------------------------------------------
Part Resources:
DSPs: 220 (col length:60)
BRAMs: 280 (col length: RAMB18 60 RAMB36 30)
---------------------------------------------------------------------------------
Finished Part Resource Summary
---------------------------------------------------------------------------------
---------------------------------------------------------------------------------
Start Cross Boundary and Area Optimization
---------------------------------------------------------------------------------
INFO: [Synth 8-3917] design umeboshi_0 has port axi_synth_engine_rdata[31] driven by constant 0
INFO: [Synth 8-3917] design umeboshi_0 has port axi_synth_engine_rdata[30] driven by constant 0
INFO: [Synth 8-3917] design umeboshi_0 has port axi_synth_engine_rdata[29] driven by constant 0
INFO: [Synth 8-3917] design umeboshi_0 has port axi_synth_engine_rdata[28] driven by constant 0
INFO: [Synth 8-3917] design umeboshi_0 has port axi_synth_engine_rdata[27] driven by constant 0
INFO: [Synth 8-3917] design umeboshi_0 has port axi_synth_engine_rdata[26] driven by constant 0
INFO: [Synth 8-3917] design umeboshi_0 has port axi_synth_engine_rdata[25] driven by constant 0
INFO: [Synth 8-3917] design umeboshi_0 has port axi_synth_engine_rdata[24] driven by constant 0
INFO: [Synth 8-3917] design umeboshi_0 has port axi_synth_engine_rdata[23] driven by constant 0
INFO: [Synth 8-3917] design umeboshi_0 has port axi_synth_engine_rdata[22] driven by constant 0
INFO: [Synth 8-3917] design umeboshi_0 has port axi_synth_engine_rdata[21] driven by constant 0
INFO: [Synth 8-3917] design umeboshi_0 has port axi_synth_engine_rdata[20] driven by constant 0
INFO: [Synth 8-3917] design umeboshi_0 has port axi_synth_engine_rdata[19] driven by constant 0
INFO: [Synth 8-3917] design umeboshi_0 has port axi_synth_engine_rdata[18] driven by constant 0
INFO: [Synth 8-3917] design umeboshi_0 has port axi_synth_engine_rdata[17] driven by constant 0
INFO: [Synth 8-3917] design umeboshi_0 has port axi_synth_engine_rdata[16] driven by constant 0
INFO: [Synth 8-3917] design umeboshi_0 has port axi_synth_engine_rdata[15] driven by constant 0
INFO: [Synth 8-3917] design umeboshi_0 has port axi_synth_engine_rdata[14] driven by constant 0
INFO: [Synth 8-3917] design umeboshi_0 has port axi_synth_engine_rdata[13] driven by constant 0
INFO: [Synth 8-3917] design umeboshi_0 has port axi_synth_engine_rdata[12] driven by constant 0
INFO: [Synth 8-3917] design umeboshi_0 has port axi_synth_engine_rdata[11] driven by constant 0
INFO: [Synth 8-3917] design umeboshi_0 has port axi_synth_engine_rdata[10] driven by constant 0
INFO: [Synth 8-3917] design umeboshi_0 has port axi_synth_engine_rdata[9] driven by constant 0
INFO: [Synth 8-3917] design umeboshi_0 has port axi_synth_engine_rdata[8] driven by constant 0
INFO: [Synth 8-3917] design umeboshi_0 has port axi_synth_engine_rdata[7] driven by constant 0
INFO: [Synth 8-3917] design umeboshi_0 has port axi_synth_engine_rdata[6] driven by constant 0
INFO: [Synth 8-3917] design umeboshi_0 has port axi_synth_engine_rdata[5] driven by constant 0
INFO: [Synth 8-3917] design umeboshi_0 has port axi_synth_engine_rdata[4] driven by constant 0
INFO: [Synth 8-3917] design umeboshi_0 has port axi_synth_engine_rdata[3] driven by constant 0
INFO: [Synth 8-3917] design umeboshi_0 has port axi_synth_engine_rdata[2] driven by constant 0
INFO: [Synth 8-3917] design umeboshi_0 has port axi_synth_engine_rdata[1] driven by constant 0
INFO: [Synth 8-3917] design umeboshi_0 has port axi_synth_engine_rdata[0] driven by constant 0
INFO: [Synth 8-3332] Sequential element (inst/umeboshi_slave_lite_v1_0_axi_synth_engine_inst/synth_wr_lfo_id_reg) is unused and will be removed from module umeboshi_0.
---------------------------------------------------------------------------------
Finished Cross Boundary and Area Optimization : Time (s): cpu = 00:00:51 ; elapsed = 00:00:57 . Memory (MB): peak = 2251.746 ; gain = 1475.195
---------------------------------------------------------------------------------
 Sort Area is  inst/umeboshi_slave_lite_v1_0_axi_synth_engine_inst/synth_inst/mixer_acc1_0 : 0 0 : 2051 2051 : Used 1 time 0
---------------------------------------------------------------------------------
Start Applying XDC Timing Constraints
---------------------------------------------------------------------------------
---------------------------------------------------------------------------------
Finished Applying XDC Timing Constraints : Time (s): cpu = 00:00:56 ; elapsed = 00:01:03 . Memory (MB): peak = 2251.746 ; gain = 1475.195
---------------------------------------------------------------------------------
---------------------------------------------------------------------------------
Start Timing Optimization
---------------------------------------------------------------------------------
---------------------------------------------------------------------------------
Finished Timing Optimization : Time (s): cpu = 00:00:57 ; elapsed = 00:01:03 . Memory (MB): peak = 2251.746 ; gain = 1475.195
---------------------------------------------------------------------------------
---------------------------------------------------------------------------------
Start Technology Mapping
---------------------------------------------------------------------------------
---------------------------------------------------------------------------------
Finished Technology Mapping : Time (s): cpu = 00:00:57 ; elapsed = 00:01:03 . Memory (MB): peak = 2251.746 ; gain = 1475.195
---------------------------------------------------------------------------------
---------------------------------------------------------------------------------
Start IO Insertion
---------------------------------------------------------------------------------
---------------------------------------------------------------------------------
Start Flattening Before IO Insertion
---------------------------------------------------------------------------------
---------------------------------------------------------------------------------
Finished Flattening Before IO Insertion
---------------------------------------------------------------------------------
---------------------------------------------------------------------------------
Start Final Netlist Cleanup
---------------------------------------------------------------------------------
---------------------------------------------------------------------------------
Finished Final Netlist Cleanup
---------------------------------------------------------------------------------
---------------------------------------------------------------------------------
Finished IO Insertion : Time (s): cpu = 00:00:59 ; elapsed = 00:01:06 . Memory (MB): peak = 2272.395 ; gain = 1495.844
---------------------------------------------------------------------------------
---------------------------------------------------------------------------------
Start Renaming Generated Instances
---------------------------------------------------------------------------------
---------------------------------------------------------------------------------
Finished Renaming Generated Instances : Time (s): cpu = 00:00:59 ; elapsed = 00:01:06 . Memory (MB): peak = 2272.395 ; gain = 1495.844
---------------------------------------------------------------------------------
CRITICAL WARNING: [Synth 8-6859] multi-driven net on pin bram0_data_b[31] with 1st driver pin 'bram0_data_b[31]' [c:/Users/hause/Documents/Vivado/Projects/umeboshiTB/umeboshiTB.gen/sources_1/ip/umeboshi_0/synth/umeboshi_0.v:53]
CRITICAL WARNING: [Synth 8-6859] multi-driven net on pin bram0_data_b[31] with 2nd driver pin 'inst/insta/U0/inst_blk_mem_gen/gnbram.gnativebmg.native_blk_mem_gen/valid.cstr/has_mux_b.B/doutb[31]_INST_0/O' [c:/Users/hause/Documents/Vivado/Projects/umeboshiTB/umeboshiTB.gen/sources_1/ip/umeboshi_0/synth/umeboshi_0.v:53]
CRITICAL WARNING: [Synth 8-6859] multi-driven net on pin bram0_data_b[30] with 1st driver pin 'bram0_data_b[30]' [c:/Users/hause/Documents/Vivado/Projects/umeboshiTB/umeboshiTB.gen/sources_1/ip/umeboshi_0/synth/umeboshi_0.v:53]
CRITICAL WARNING: [Synth 8-6859] multi-driven net on pin bram0_data_b[30] with 2nd driver pin 'inst/insta/U0/inst_blk_mem_gen/gnbram.gnativebmg.native_blk_mem_gen/valid.cstr/has_mux_b.B/doutb[30]_INST_0/O' [c:/Users/hause/Documents/Vivado/Projects/umeboshiTB/umeboshiTB.gen/sources_1/ip/umeboshi_0/synth/umeboshi_0.v:53]
CRITICAL WARNING: [Synth 8-6859] multi-driven net on pin bram0_data_b[29] with 1st driver pin 'bram0_data_b[29]' [c:/Users/hause/Documents/Vivado/Projects/umeboshiTB/umeboshiTB.gen/sources_1/ip/umeboshi_0/synth/umeboshi_0.v:53]
CRITICAL WARNING: [Synth 8-6859] multi-driven net on pin bram0_data_b[29] with 2nd driver pin 'inst/insta/U0/inst_blk_mem_gen/gnbram.gnativebmg.native_blk_mem_gen/valid.cstr/has_mux_b.B/doutb[29]_INST_0/O' [c:/Users/hause/Documents/Vivado/Projects/umeboshiTB/umeboshiTB.gen/sources_1/ip/umeboshi_0/synth/umeboshi_0.v:53]
CRITICAL WARNING: [Synth 8-6859] multi-driven net on pin bram0_data_b[28] with 1st driver pin 'bram0_data_b[28]' [c:/Users/hause/Documents/Vivado/Projects/umeboshiTB/umeboshiTB.gen/sources_1/ip/umeboshi_0/synth/umeboshi_0.v:53]
CRITICAL WARNING: [Synth 8-6859] multi-driven net on pin bram0_data_b[28] with 2nd driver pin 'inst/insta/U0/inst_blk_mem_gen/gnbram.gnativebmg.native_blk_mem_gen/valid.cstr/has_mux_b.B/doutb[28]_INST_0/O' [c:/Users/hause/Documents/Vivado/Projects/umeboshiTB/umeboshiTB.gen/sources_1/ip/umeboshi_0/synth/umeboshi_0.v:53]
CRITICAL WARNING: [Synth 8-6859] multi-driven net on pin bram0_data_b[27] with 1st driver pin 'bram0_data_b[27]' [c:/Users/hause/Documents/Vivado/Projects/umeboshiTB/umeboshiTB.gen/sources_1/ip/umeboshi_0/synth/umeboshi_0.v:53]
CRITICAL WARNING: [Synth 8-6859] multi-driven net on pin bram0_data_b[27] with 2nd driver pin 'inst/insta/U0/inst_blk_mem_gen/gnbram.gnativebmg.native_blk_mem_gen/valid.cstr/has_mux_b.B/doutb[27]_INST_0/O' [c:/Users/hause/Documents/Vivado/Projects/umeboshiTB/umeboshiTB.gen/sources_1/ip/umeboshi_0/synth/umeboshi_0.v:53]
CRITICAL WARNING: [Synth 8-6859] multi-driven net on pin bram0_data_b[26] with 1st driver pin 'bram0_data_b[26]' [c:/Users/hause/Documents/Vivado/Projects/umeboshiTB/umeboshiTB.gen/sources_1/ip/umeboshi_0/synth/umeboshi_0.v:53]
CRITICAL WARNING: [Synth 8-6859] multi-driven net on pin bram0_data_b[26] with 2nd driver pin 'inst/insta/U0/inst_blk_mem_gen/gnbram.gnativebmg.native_blk_mem_gen/valid.cstr/has_mux_b.B/doutb[26]_INST_0/O' [c:/Users/hause/Documents/Vivado/Projects/umeboshiTB/umeboshiTB.gen/sources_1/ip/umeboshi_0/synth/umeboshi_0.v:53]
CRITICAL WARNING: [Synth 8-6859] multi-driven net on pin bram0_data_b[25] with 1st driver pin 'bram0_data_b[25]' [c:/Users/hause/Documents/Vivado/Projects/umeboshiTB/umeboshiTB.gen/sources_1/ip/umeboshi_0/synth/umeboshi_0.v:53]
CRITICAL WARNING: [Synth 8-6859] multi-driven net on pin bram0_data_b[25] with 2nd driver pin 'inst/insta/U0/inst_blk_mem_gen/gnbram.gnativebmg.native_blk_mem_gen/valid.cstr/has_mux_b.B/doutb[25]_INST_0/O' [c:/Users/hause/Documents/Vivado/Projects/umeboshiTB/umeboshiTB.gen/sources_1/ip/umeboshi_0/synth/umeboshi_0.v:53]
CRITICAL WARNING: [Synth 8-6859] multi-driven net on pin bram0_data_b[24] with 1st driver pin 'bram0_data_b[24]' [c:/Users/hause/Documents/Vivado/Projects/umeboshiTB/umeboshiTB.gen/sources_1/ip/umeboshi_0/synth/umeboshi_0.v:53]
CRITICAL WARNING: [Synth 8-6859] multi-driven net on pin bram0_data_b[24] with 2nd driver pin 'inst/insta/U0/inst_blk_mem_gen/gnbram.gnativebmg.native_blk_mem_gen/valid.cstr/has_mux_b.B/doutb[24]_INST_0/O' [c:/Users/hause/Documents/Vivado/Projects/umeboshiTB/umeboshiTB.gen/sources_1/ip/umeboshi_0/synth/umeboshi_0.v:53]
CRITICAL WARNING: [Synth 8-6859] multi-driven net on pin bram0_data_b[23] with 1st driver pin 'bram0_data_b[23]' [c:/Users/hause/Documents/Vivado/Projects/umeboshiTB/umeboshiTB.gen/sources_1/ip/umeboshi_0/synth/umeboshi_0.v:53]
CRITICAL WARNING: [Synth 8-6859] multi-driven net on pin bram0_data_b[23] with 2nd driver pin 'inst/insta/U0/inst_blk_mem_gen/gnbram.gnativebmg.native_blk_mem_gen/valid.cstr/has_mux_b.B/doutb[23]_INST_0/O' [c:/Users/hause/Documents/Vivado/Projects/umeboshiTB/umeboshiTB.gen/sources_1/ip/umeboshi_0/synth/umeboshi_0.v:53]
CRITICAL WARNING: [Synth 8-6859] multi-driven net on pin bram0_data_b[22] with 1st driver pin 'bram0_data_b[22]' [c:/Users/hause/Documents/Vivado/Projects/umeboshiTB/umeboshiTB.gen/sources_1/ip/umeboshi_0/synth/umeboshi_0.v:53]
CRITICAL WARNING: [Synth 8-6859] multi-driven net on pin bram0_data_b[22] with 2nd driver pin 'inst/insta/U0/inst_blk_mem_gen/gnbram.gnativebmg.native_blk_mem_gen/valid.cstr/has_mux_b.B/doutb[22]_INST_0/O' [c:/Users/hause/Documents/Vivado/Projects/umeboshiTB/umeboshiTB.gen/sources_1/ip/umeboshi_0/synth/umeboshi_0.v:53]
CRITICAL WARNING: [Synth 8-6859] multi-driven net on pin bram0_data_b[21] with 1st driver pin 'bram0_data_b[21]' [c:/Users/hause/Documents/Vivado/Projects/umeboshiTB/umeboshiTB.gen/sources_1/ip/umeboshi_0/synth/umeboshi_0.v:53]
CRITICAL WARNING: [Synth 8-6859] multi-driven net on pin bram0_data_b[21] with 2nd driver pin 'inst/insta/U0/inst_blk_mem_gen/gnbram.gnativebmg.native_blk_mem_gen/valid.cstr/has_mux_b.B/doutb[21]_INST_0/O' [c:/Users/hause/Documents/Vivado/Projects/umeboshiTB/umeboshiTB.gen/sources_1/ip/umeboshi_0/synth/umeboshi_0.v:53]
CRITICAL WARNING: [Synth 8-6859] multi-driven net on pin bram0_data_b[20] with 1st driver pin 'bram0_data_b[20]' [c:/Users/hause/Documents/Vivado/Projects/umeboshiTB/umeboshiTB.gen/sources_1/ip/umeboshi_0/synth/umeboshi_0.v:53]
CRITICAL WARNING: [Synth 8-6859] multi-driven net on pin bram0_data_b[20] with 2nd driver pin 'inst/insta/U0/inst_blk_mem_gen/gnbram.gnativebmg.native_blk_mem_gen/valid.cstr/has_mux_b.B/doutb[20]_INST_0/O' [c:/Users/hause/Documents/Vivado/Projects/umeboshiTB/umeboshiTB.gen/sources_1/ip/umeboshi_0/synth/umeboshi_0.v:53]
CRITICAL WARNING: [Synth 8-6859] multi-driven net on pin bram0_data_b[19] with 1st driver pin 'bram0_data_b[19]' [c:/Users/hause/Documents/Vivado/Projects/umeboshiTB/umeboshiTB.gen/sources_1/ip/umeboshi_0/synth/umeboshi_0.v:53]
CRITICAL WARNING: [Synth 8-6859] multi-driven net on pin bram0_data_b[19] with 2nd driver pin 'inst/insta/U0/inst_blk_mem_gen/gnbram.gnativebmg.native_blk_mem_gen/valid.cstr/has_mux_b.B/doutb[19]_INST_0/O' [c:/Users/hause/Documents/Vivado/Projects/umeboshiTB/umeboshiTB.gen/sources_1/ip/umeboshi_0/synth/umeboshi_0.v:53]
CRITICAL WARNING: [Synth 8-6859] multi-driven net on pin bram0_data_b[18] with 1st driver pin 'bram0_data_b[18]' [c:/Users/hause/Documents/Vivado/Projects/umeboshiTB/umeboshiTB.gen/sources_1/ip/umeboshi_0/synth/umeboshi_0.v:53]
CRITICAL WARNING: [Synth 8-6859] multi-driven net on pin bram0_data_b[18] with 2nd driver pin 'inst/insta/U0/inst_blk_mem_gen/gnbram.gnativebmg.native_blk_mem_gen/valid.cstr/has_mux_b.B/doutb[18]_INST_0/O' [c:/Users/hause/Documents/Vivado/Projects/umeboshiTB/umeboshiTB.gen/sources_1/ip/umeboshi_0/synth/umeboshi_0.v:53]
CRITICAL WARNING: [Synth 8-6859] multi-driven net on pin bram0_data_b[17] with 1st driver pin 'bram0_data_b[17]' [c:/Users/hause/Documents/Vivado/Projects/umeboshiTB/umeboshiTB.gen/sources_1/ip/umeboshi_0/synth/umeboshi_0.v:53]
CRITICAL WARNING: [Synth 8-6859] multi-driven net on pin bram0_data_b[17] with 2nd driver pin 'inst/insta/U0/inst_blk_mem_gen/gnbram.gnativebmg.native_blk_mem_gen/valid.cstr/has_mux_b.B/doutb[17]_INST_0/O' [c:/Users/hause/Documents/Vivado/Projects/umeboshiTB/umeboshiTB.gen/sources_1/ip/umeboshi_0/synth/umeboshi_0.v:53]
CRITICAL WARNING: [Synth 8-6859] multi-driven net on pin bram0_data_b[16] with 1st driver pin 'bram0_data_b[16]' [c:/Users/hause/Documents/Vivado/Projects/umeboshiTB/umeboshiTB.gen/sources_1/ip/umeboshi_0/synth/umeboshi_0.v:53]
CRITICAL WARNING: [Synth 8-6859] multi-driven net on pin bram0_data_b[16] with 2nd driver pin 'inst/insta/U0/inst_blk_mem_gen/gnbram.gnativebmg.native_blk_mem_gen/valid.cstr/has_mux_b.B/doutb[16]_INST_0/O' [c:/Users/hause/Documents/Vivado/Projects/umeboshiTB/umeboshiTB.gen/sources_1/ip/umeboshi_0/synth/umeboshi_0.v:53]
CRITICAL WARNING: [Synth 8-6859] multi-driven net on pin bram0_data_b[15] with 1st driver pin 'bram0_data_b[15]' [c:/Users/hause/Documents/Vivado/Projects/umeboshiTB/umeboshiTB.gen/sources_1/ip/umeboshi_0/synth/umeboshi_0.v:53]
CRITICAL WARNING: [Synth 8-6859] multi-driven net on pin bram0_data_b[15] with 2nd driver pin 'inst/insta/U0/inst_blk_mem_gen/gnbram.gnativebmg.native_blk_mem_gen/valid.cstr/has_mux_b.B/doutb[15]_INST_0/O' [c:/Users/hause/Documents/Vivado/Projects/umeboshiTB/umeboshiTB.gen/sources_1/ip/umeboshi_0/synth/umeboshi_0.v:53]
CRITICAL WARNING: [Synth 8-6859] multi-driven net on pin bram0_data_b[14] with 1st driver pin 'bram0_data_b[14]' [c:/Users/hause/Documents/Vivado/Projects/umeboshiTB/umeboshiTB.gen/sources_1/ip/umeboshi_0/synth/umeboshi_0.v:53]
CRITICAL WARNING: [Synth 8-6859] multi-driven net on pin bram0_data_b[14] with 2nd driver pin 'inst/insta/U0/inst_blk_mem_gen/gnbram.gnativebmg.native_blk_mem_gen/valid.cstr/has_mux_b.B/doutb[14]_INST_0/O' [c:/Users/hause/Documents/Vivado/Projects/umeboshiTB/umeboshiTB.gen/sources_1/ip/umeboshi_0/synth/umeboshi_0.v:53]
CRITICAL WARNING: [Synth 8-6859] multi-driven net on pin bram0_data_b[13] with 1st driver pin 'bram0_data_b[13]' [c:/Users/hause/Documents/Vivado/Projects/umeboshiTB/umeboshiTB.gen/sources_1/ip/umeboshi_0/synth/umeboshi_0.v:53]
CRITICAL WARNING: [Synth 8-6859] multi-driven net on pin bram0_data_b[13] with 2nd driver pin 'inst/insta/U0/inst_blk_mem_gen/gnbram.gnativebmg.native_blk_mem_gen/valid.cstr/has_mux_b.B/doutb[13]_INST_0/O' [c:/Users/hause/Documents/Vivado/Projects/umeboshiTB/umeboshiTB.gen/sources_1/ip/umeboshi_0/synth/umeboshi_0.v:53]
CRITICAL WARNING: [Synth 8-6859] multi-driven net on pin bram0_data_b[12] with 1st driver pin 'bram0_data_b[12]' [c:/Users/hause/Documents/Vivado/Projects/umeboshiTB/umeboshiTB.gen/sources_1/ip/umeboshi_0/synth/umeboshi_0.v:53]
CRITICAL WARNING: [Synth 8-6859] multi-driven net on pin bram0_data_b[12] with 2nd driver pin 'inst/insta/U0/inst_blk_mem_gen/gnbram.gnativebmg.native_blk_mem_gen/valid.cstr/has_mux_b.B/doutb[12]_INST_0/O' [c:/Users/hause/Documents/Vivado/Projects/umeboshiTB/umeboshiTB.gen/sources_1/ip/umeboshi_0/synth/umeboshi_0.v:53]
CRITICAL WARNING: [Synth 8-6859] multi-driven net on pin bram0_data_b[11] with 1st driver pin 'bram0_data_b[11]' [c:/Users/hause/Documents/Vivado/Projects/umeboshiTB/umeboshiTB.gen/sources_1/ip/umeboshi_0/synth/umeboshi_0.v:53]
CRITICAL WARNING: [Synth 8-6859] multi-driven net on pin bram0_data_b[11] with 2nd driver pin 'inst/insta/U0/inst_blk_mem_gen/gnbram.gnativebmg.native_blk_mem_gen/valid.cstr/has_mux_b.B/doutb[11]_INST_0/O' [c:/Users/hause/Documents/Vivado/Projects/umeboshiTB/umeboshiTB.gen/sources_1/ip/umeboshi_0/synth/umeboshi_0.v:53]
CRITICAL WARNING: [Synth 8-6859] multi-driven net on pin bram0_data_b[10] with 1st driver pin 'bram0_data_b[10]' [c:/Users/hause/Documents/Vivado/Projects/umeboshiTB/umeboshiTB.gen/sources_1/ip/umeboshi_0/synth/umeboshi_0.v:53]
CRITICAL WARNING: [Synth 8-6859] multi-driven net on pin bram0_data_b[10] with 2nd driver pin 'inst/insta/U0/inst_blk_mem_gen/gnbram.gnativebmg.native_blk_mem_gen/valid.cstr/has_mux_b.B/doutb[10]_INST_0/O' [c:/Users/hause/Documents/Vivado/Projects/umeboshiTB/umeboshiTB.gen/sources_1/ip/umeboshi_0/synth/umeboshi_0.v:53]
CRITICAL WARNING: [Synth 8-6859] multi-driven net on pin bram0_data_b[9] with 1st driver pin 'bram0_data_b[9]' [c:/Users/hause/Documents/Vivado/Projects/umeboshiTB/umeboshiTB.gen/sources_1/ip/umeboshi_0/synth/umeboshi_0.v:53]
CRITICAL WARNING: [Synth 8-6859] multi-driven net on pin bram0_data_b[9] with 2nd driver pin 'inst/insta/U0/inst_blk_mem_gen/gnbram.gnativebmg.native_blk_mem_gen/valid.cstr/has_mux_b.B/doutb[9]_INST_0/O' [c:/Users/hause/Documents/Vivado/Projects/umeboshiTB/umeboshiTB.gen/sources_1/ip/umeboshi_0/synth/umeboshi_0.v:53]
CRITICAL WARNING: [Synth 8-6859] multi-driven net on pin bram0_data_b[8] with 1st driver pin 'bram0_data_b[8]' [c:/Users/hause/Documents/Vivado/Projects/umeboshiTB/umeboshiTB.gen/sources_1/ip/umeboshi_0/synth/umeboshi_0.v:53]
CRITICAL WARNING: [Synth 8-6859] multi-driven net on pin bram0_data_b[8] with 2nd driver pin 'inst/insta/U0/inst_blk_mem_gen/gnbram.gnativebmg.native_blk_mem_gen/valid.cstr/has_mux_b.B/doutb[8]_INST_0/O' [c:/Users/hause/Documents/Vivado/Projects/umeboshiTB/umeboshiTB.gen/sources_1/ip/umeboshi_0/synth/umeboshi_0.v:53]
CRITICAL WARNING: [Synth 8-6859] multi-driven net on pin bram0_data_b[7] with 1st driver pin 'bram0_data_b[7]' [c:/Users/hause/Documents/Vivado/Projects/umeboshiTB/umeboshiTB.gen/sources_1/ip/umeboshi_0/synth/umeboshi_0.v:53]
CRITICAL WARNING: [Synth 8-6859] multi-driven net on pin bram0_data_b[7] with 2nd driver pin 'inst/insta/U0/inst_blk_mem_gen/gnbram.gnativebmg.native_blk_mem_gen/valid.cstr/has_mux_b.B/doutb[7]_INST_0/O' [c:/Users/hause/Documents/Vivado/Projects/umeboshiTB/umeboshiTB.gen/sources_1/ip/umeboshi_0/synth/umeboshi_0.v:53]
CRITICAL WARNING: [Synth 8-6859] multi-driven net on pin bram0_data_b[6] with 1st driver pin 'bram0_data_b[6]' [c:/Users/hause/Documents/Vivado/Projects/umeboshiTB/umeboshiTB.gen/sources_1/ip/umeboshi_0/synth/umeboshi_0.v:53]
CRITICAL WARNING: [Synth 8-6859] multi-driven net on pin bram0_data_b[6] with 2nd driver pin 'inst/insta/U0/inst_blk_mem_gen/gnbram.gnativebmg.native_blk_mem_gen/valid.cstr/has_mux_b.B/doutb[6]_INST_0/O' [c:/Users/hause/Documents/Vivado/Projects/umeboshiTB/umeboshiTB.gen/sources_1/ip/umeboshi_0/synth/umeboshi_0.v:53]
CRITICAL WARNING: [Synth 8-6859] multi-driven net on pin bram0_data_b[5] with 1st driver pin 'bram0_data_b[5]' [c:/Users/hause/Documents/Vivado/Projects/umeboshiTB/umeboshiTB.gen/sources_1/ip/umeboshi_0/synth/umeboshi_0.v:53]
CRITICAL WARNING: [Synth 8-6859] multi-driven net on pin bram0_data_b[5] with 2nd driver pin 'inst/insta/U0/inst_blk_mem_gen/gnbram.gnativebmg.native_blk_mem_gen/valid.cstr/has_mux_b.B/doutb[5]_INST_0/O' [c:/Users/hause/Documents/Vivado/Projects/umeboshiTB/umeboshiTB.gen/sources_1/ip/umeboshi_0/synth/umeboshi_0.v:53]
CRITICAL WARNING: [Synth 8-6859] multi-driven net on pin bram0_data_b[4] with 1st driver pin 'bram0_data_b[4]' [c:/Users/hause/Documents/Vivado/Projects/umeboshiTB/umeboshiTB.gen/sources_1/ip/umeboshi_0/synth/umeboshi_0.v:53]
CRITICAL WARNING: [Synth 8-6859] multi-driven net on pin bram0_data_b[4] with 2nd driver pin 'inst/insta/U0/inst_blk_mem_gen/gnbram.gnativebmg.native_blk_mem_gen/valid.cstr/has_mux_b.B/doutb[4]_INST_0/O' [c:/Users/hause/Documents/Vivado/Projects/umeboshiTB/umeboshiTB.gen/sources_1/ip/umeboshi_0/synth/umeboshi_0.v:53]
CRITICAL WARNING: [Synth 8-6859] multi-driven net on pin bram0_data_b[3] with 1st driver pin 'bram0_data_b[3]' [c:/Users/hause/Documents/Vivado/Projects/umeboshiTB/umeboshiTB.gen/sources_1/ip/umeboshi_0/synth/umeboshi_0.v:53]
CRITICAL WARNING: [Synth 8-6859] multi-driven net on pin bram0_data_b[3] with 2nd driver pin 'inst/insta/U0/inst_blk_mem_gen/gnbram.gnativebmg.native_blk_mem_gen/valid.cstr/has_mux_b.B/doutb[3]_INST_0/O' [c:/Users/hause/Documents/Vivado/Projects/umeboshiTB/umeboshiTB.gen/sources_1/ip/umeboshi_0/synth/umeboshi_0.v:53]
CRITICAL WARNING: [Synth 8-6859] multi-driven net on pin bram0_data_b[2] with 1st driver pin 'bram0_data_b[2]' [c:/Users/hause/Documents/Vivado/Projects/umeboshiTB/umeboshiTB.gen/sources_1/ip/umeboshi_0/synth/umeboshi_0.v:53]
CRITICAL WARNING: [Synth 8-6859] multi-driven net on pin bram0_data_b[2] with 2nd driver pin 'inst/insta/U0/inst_blk_mem_gen/gnbram.gnativebmg.native_blk_mem_gen/valid.cstr/has_mux_b.B/doutb[2]_INST_0/O' [c:/Users/hause/Documents/Vivado/Projects/umeboshiTB/umeboshiTB.gen/sources_1/ip/umeboshi_0/synth/umeboshi_0.v:53]
CRITICAL WARNING: [Synth 8-6859] multi-driven net on pin bram0_data_b[1] with 1st driver pin 'bram0_data_b[1]' [c:/Users/hause/Documents/Vivado/Projects/umeboshiTB/umeboshiTB.gen/sources_1/ip/umeboshi_0/synth/umeboshi_0.v:53]
CRITICAL WARNING: [Synth 8-6859] multi-driven net on pin bram0_data_b[1] with 2nd driver pin 'inst/insta/U0/inst_blk_mem_gen/gnbram.gnativebmg.native_blk_mem_gen/valid.cstr/has_mux_b.B/doutb[1]_INST_0/O' [c:/Users/hause/Documents/Vivado/Projects/umeboshiTB/umeboshiTB.gen/sources_1/ip/umeboshi_0/synth/umeboshi_0.v:53]
CRITICAL WARNING: [Synth 8-6859] multi-driven net on pin bram0_data_b[0] with 1st driver pin 'bram0_data_b[0]' [c:/Users/hause/Documents/Vivado/Projects/umeboshiTB/umeboshiTB.gen/sources_1/ip/umeboshi_0/synth/umeboshi_0.v:53]
CRITICAL WARNING: [Synth 8-6859] multi-driven net on pin bram0_data_b[0] with 2nd driver pin 'inst/insta/U0/inst_blk_mem_gen/gnbram.gnativebmg.native_blk_mem_gen/valid.cstr/has_mux_b.B/doutb[0]_INST_0/O' [c:/Users/hause/Documents/Vivado/Projects/umeboshiTB/umeboshiTB.gen/sources_1/ip/umeboshi_0/synth/umeboshi_0.v:53]
CRITICAL WARNING: [Synth 8-6859] multi-driven net on pin bram1_data_b[31] with 1st driver pin 'bram1_data_b[31]' [c:/Users/hause/Documents/Vivado/Projects/umeboshiTB/umeboshiTB.gen/sources_1/ip/umeboshi_0/synth/umeboshi_0.v:53]
CRITICAL WARNING: [Synth 8-6859] multi-driven net on pin bram1_data_b[30] with 1st driver pin 'bram1_data_b[30]' [c:/Users/hause/Documents/Vivado/Projects/umeboshiTB/umeboshiTB.gen/sources_1/ip/umeboshi_0/synth/umeboshi_0.v:53]
CRITICAL WARNING: [Synth 8-6859] multi-driven net on pin bram1_data_b[29] with 1st driver pin 'bram1_data_b[29]' [c:/Users/hause/Documents/Vivado/Projects/umeboshiTB/umeboshiTB.gen/sources_1/ip/umeboshi_0/synth/umeboshi_0.v:53]
CRITICAL WARNING: [Synth 8-6859] multi-driven net on pin bram1_data_b[28] with 1st driver pin 'bram1_data_b[28]' [c:/Users/hause/Documents/Vivado/Projects/umeboshiTB/umeboshiTB.gen/sources_1/ip/umeboshi_0/synth/umeboshi_0.v:53]
CRITICAL WARNING: [Synth 8-6859] multi-driven net on pin bram1_data_b[27] with 1st driver pin 'bram1_data_b[27]' [c:/Users/hause/Documents/Vivado/Projects/umeboshiTB/umeboshiTB.gen/sources_1/ip/umeboshi_0/synth/umeboshi_0.v:53]
CRITICAL WARNING: [Synth 8-6859] multi-driven net on pin bram1_data_b[26] with 1st driver pin 'bram1_data_b[26]' [c:/Users/hause/Documents/Vivado/Projects/umeboshiTB/umeboshiTB.gen/sources_1/ip/umeboshi_0/synth/umeboshi_0.v:53]
CRITICAL WARNING: [Synth 8-6859] multi-driven net on pin bram1_data_b[25] with 1st driver pin 'bram1_data_b[25]' [c:/Users/hause/Documents/Vivado/Projects/umeboshiTB/umeboshiTB.gen/sources_1/ip/umeboshi_0/synth/umeboshi_0.v:53]
CRITICAL WARNING: [Synth 8-6859] multi-driven net on pin bram1_data_b[24] with 1st driver pin 'bram1_data_b[24]' [c:/Users/hause/Documents/Vivado/Projects/umeboshiTB/umeboshiTB.gen/sources_1/ip/umeboshi_0/synth/umeboshi_0.v:53]
CRITICAL WARNING: [Synth 8-6859] multi-driven net on pin bram1_data_b[23] with 1st driver pin 'bram1_data_b[23]' [c:/Users/hause/Documents/Vivado/Projects/umeboshiTB/umeboshiTB.gen/sources_1/ip/umeboshi_0/synth/umeboshi_0.v:53]
CRITICAL WARNING: [Synth 8-6859] multi-driven net on pin bram1_data_b[22] with 1st driver pin 'bram1_data_b[22]' [c:/Users/hause/Documents/Vivado/Projects/umeboshiTB/umeboshiTB.gen/sources_1/ip/umeboshi_0/synth/umeboshi_0.v:53]
CRITICAL WARNING: [Synth 8-6859] multi-driven net on pin bram1_data_b[21] with 1st driver pin 'bram1_data_b[21]' [c:/Users/hause/Documents/Vivado/Projects/umeboshiTB/umeboshiTB.gen/sources_1/ip/umeboshi_0/synth/umeboshi_0.v:53]
CRITICAL WARNING: [Synth 8-6859] multi-driven net on pin bram1_data_b[20] with 1st driver pin 'bram1_data_b[20]' [c:/Users/hause/Documents/Vivado/Projects/umeboshiTB/umeboshiTB.gen/sources_1/ip/umeboshi_0/synth/umeboshi_0.v:53]
CRITICAL WARNING: [Synth 8-6859] multi-driven net on pin bram1_data_b[19] with 1st driver pin 'bram1_data_b[19]' [c:/Users/hause/Documents/Vivado/Projects/umeboshiTB/umeboshiTB.gen/sources_1/ip/umeboshi_0/synth/umeboshi_0.v:53]
CRITICAL WARNING: [Synth 8-6859] multi-driven net on pin bram1_data_b[18] with 1st driver pin 'bram1_data_b[18]' [c:/Users/hause/Documents/Vivado/Projects/umeboshiTB/umeboshiTB.gen/sources_1/ip/umeboshi_0/synth/umeboshi_0.v:53]
CRITICAL WARNING: [Synth 8-6859] multi-driven net on pin bram1_data_b[17] with 1st driver pin 'bram1_data_b[17]' [c:/Users/hause/Documents/Vivado/Projects/umeboshiTB/umeboshiTB.gen/sources_1/ip/umeboshi_0/synth/umeboshi_0.v:53]
CRITICAL WARNING: [Synth 8-6859] multi-driven net on pin bram1_data_b[16] with 1st driver pin 'bram1_data_b[16]' [c:/Users/hause/Documents/Vivado/Projects/umeboshiTB/umeboshiTB.gen/sources_1/ip/umeboshi_0/synth/umeboshi_0.v:53]
CRITICAL WARNING: [Synth 8-6859] multi-driven net on pin bram1_data_b[15] with 1st driver pin 'bram1_data_b[15]' [c:/Users/hause/Documents/Vivado/Projects/umeboshiTB/umeboshiTB.gen/sources_1/ip/umeboshi_0/synth/umeboshi_0.v:53]
CRITICAL WARNING: [Synth 8-6859] multi-driven net on pin bram1_data_b[14] with 1st driver pin 'bram1_data_b[14]' [c:/Users/hause/Documents/Vivado/Projects/umeboshiTB/umeboshiTB.gen/sources_1/ip/umeboshi_0/synth/umeboshi_0.v:53]
CRITICAL WARNING: [Synth 8-6859] multi-driven net on pin bram1_data_b[13] with 1st driver pin 'bram1_data_b[13]' [c:/Users/hause/Documents/Vivado/Projects/umeboshiTB/umeboshiTB.gen/sources_1/ip/umeboshi_0/synth/umeboshi_0.v:53]
CRITICAL WARNING: [Synth 8-6859] multi-driven net on pin bram1_data_b[12] with 1st driver pin 'bram1_data_b[12]' [c:/Users/hause/Documents/Vivado/Projects/umeboshiTB/umeboshiTB.gen/sources_1/ip/umeboshi_0/synth/umeboshi_0.v:53]
CRITICAL WARNING: [Synth 8-6859] multi-driven net on pin bram1_data_b[11] with 1st driver pin 'bram1_data_b[11]' [c:/Users/hause/Documents/Vivado/Projects/umeboshiTB/umeboshiTB.gen/sources_1/ip/umeboshi_0/synth/umeboshi_0.v:53]
CRITICAL WARNING: [Synth 8-6859] multi-driven net on pin bram1_data_b[10] with 1st driver pin 'bram1_data_b[10]' [c:/Users/hause/Documents/Vivado/Projects/umeboshiTB/umeboshiTB.gen/sources_1/ip/umeboshi_0/synth/umeboshi_0.v:53]
CRITICAL WARNING: [Synth 8-6859] multi-driven net on pin bram1_data_b[9] with 1st driver pin 'bram1_data_b[9]' [c:/Users/hause/Documents/Vivado/Projects/umeboshiTB/umeboshiTB.gen/sources_1/ip/umeboshi_0/synth/umeboshi_0.v:53]
CRITICAL WARNING: [Synth 8-6859] multi-driven net on pin bram1_data_b[8] with 1st driver pin 'bram1_data_b[8]' [c:/Users/hause/Documents/Vivado/Projects/umeboshiTB/umeboshiTB.gen/sources_1/ip/umeboshi_0/synth/umeboshi_0.v:53]
CRITICAL WARNING: [Synth 8-6859] multi-driven net on pin bram1_data_b[7] with 1st driver pin 'bram1_data_b[7]' [c:/Users/hause/Documents/Vivado/Projects/umeboshiTB/umeboshiTB.gen/sources_1/ip/umeboshi_0/synth/umeboshi_0.v:53]
CRITICAL WARNING: [Synth 8-6859] multi-driven net on pin bram1_data_b[6] with 1st driver pin 'bram1_data_b[6]' [c:/Users/hause/Documents/Vivado/Projects/umeboshiTB/umeboshiTB.gen/sources_1/ip/umeboshi_0/synth/umeboshi_0.v:53]
CRITICAL WARNING: [Synth 8-6859] multi-driven net on pin bram1_data_b[5] with 1st driver pin 'bram1_data_b[5]' [c:/Users/hause/Documents/Vivado/Projects/umeboshiTB/umeboshiTB.gen/sources_1/ip/umeboshi_0/synth/umeboshi_0.v:53]
CRITICAL WARNING: [Synth 8-6859] multi-driven net on pin bram1_data_b[4] with 1st driver pin 'bram1_data_b[4]' [c:/Users/hause/Documents/Vivado/Projects/umeboshiTB/umeboshiTB.gen/sources_1/ip/umeboshi_0/synth/umeboshi_0.v:53]
CRITICAL WARNING: [Synth 8-6859] multi-driven net on pin bram1_data_b[3] with 1st driver pin 'bram1_data_b[3]' [c:/Users/hause/Documents/Vivado/Projects/umeboshiTB/umeboshiTB.gen/sources_1/ip/umeboshi_0/synth/umeboshi_0.v:53]
CRITICAL WARNING: [Synth 8-6859] multi-driven net on pin bram1_data_b[2] with 1st driver pin 'bram1_data_b[2]' [c:/Users/hause/Documents/Vivado/Projects/umeboshiTB/umeboshiTB.gen/sources_1/ip/umeboshi_0/synth/umeboshi_0.v:53]
CRITICAL WARNING: [Synth 8-6859] multi-driven net on pin bram1_data_b[1] with 1st driver pin 'bram1_data_b[1]' [c:/Users/hause/Documents/Vivado/Projects/umeboshiTB/umeboshiTB.gen/sources_1/ip/umeboshi_0/synth/umeboshi_0.v:53]
CRITICAL WARNING: [Synth 8-6859] multi-driven net on pin bram1_data_b[0] with 1st driver pin 'bram1_data_b[0]' [c:/Users/hause/Documents/Vivado/Projects/umeboshiTB/umeboshiTB.gen/sources_1/ip/umeboshi_0/synth/umeboshi_0.v:53]

Report Check Netlist: 
+------+------------------+-------+---------+-------+------------------+
|      |Item              |Errors |Warnings |Status |Description       |
+------+------------------+-------+---------+-------+------------------+
|1     |multi_driven_nets |      0|       64|Failed |Multi driven nets |
+------+------------------+-------+---------+-------+------------------+
---------------------------------------------------------------------------------
Start Rebuilding User Hierarchy
---------------------------------------------------------------------------------
---------------------------------------------------------------------------------
Finished Rebuilding User Hierarchy : Time (s): cpu = 00:00:59 ; elapsed = 00:01:06 . Memory (MB): peak = 2272.395 ; gain = 1495.844
---------------------------------------------------------------------------------
---------------------------------------------------------------------------------
Start Renaming Generated Ports
---------------------------------------------------------------------------------
---------------------------------------------------------------------------------
Finished Renaming Generated Ports : Time (s): cpu = 00:00:59 ; elapsed = 00:01:06 . Memory (MB): peak = 2272.395 ; gain = 1495.844
---------------------------------------------------------------------------------
---------------------------------------------------------------------------------
Start Handling Custom Attributes
---------------------------------------------------------------------------------
---------------------------------------------------------------------------------
Finished Handling Custom Attributes : Time (s): cpu = 00:00:59 ; elapsed = 00:01:06 . Memory (MB): peak = 2272.395 ; gain = 1495.844
---------------------------------------------------------------------------------
---------------------------------------------------------------------------------
Start Renaming Generated Nets
---------------------------------------------------------------------------------
---------------------------------------------------------------------------------
Finished Renaming Generated Nets : Time (s): cpu = 00:00:59 ; elapsed = 00:01:06 . Memory (MB): peak = 2272.395 ; gain = 1495.844
---------------------------------------------------------------------------------
---------------------------------------------------------------------------------
Start Writing Synthesis Report
---------------------------------------------------------------------------------

DSP Final Report (the ' indicates corresponding REG is set)
+------------+-------------+--------+--------+--------+--------+--------+------+------+------+------+-------+------+------+
|Module Name | DSP Mapping | A Size | B Size | C Size | D Size | P Size | AREG | BREG | CREG | DREG | ADREG | MREG | PREG | 
+------------+-------------+--------+--------+--------+--------+--------+------+------+------+------+-------+------+------+
|umeboshi_0  | A'*B        | 16     | 18     | -      | -      | 33     | 1    | 0    | -    | -    | -     | 0    | 0    | 
+------------+-------------+--------+--------+--------+--------+--------+------+------+------+------+-------+------+------+


Report BlackBoxes: 
+-+--------------+----------+
| |BlackBox name |Instances |
+-+--------------+----------+
+-+--------------+----------+

Report Cell Usage: 
+------+----------+------+
|      |Cell      |Count |
+------+----------+------+
|1     |CARRY4    |    47|
|2     |DSP48E1   |     1|
|3     |LUT1      |    18|
|4     |LUT2      |   163|
|5     |LUT3      |    55|
|6     |LUT4      |   120|
|7     |LUT5      |    52|
|8     |LUT6      |   498|
|9     |MUXF7     |   141|
|10    |RAM128X1D |     2|
|11    |RAM256X1S |    60|
|12    |RAM32M    |     9|
|13    |RAM64M    |    60|
|14    |RAMB36E1  |   117|
|131   |FDRE      |    85|
|132   |FDSE      |    15|
|133   |LD        |     3|
+------+----------+------+
---------------------------------------------------------------------------------
Finished Writing Synthesis Report : Time (s): cpu = 00:00:59 ; elapsed = 00:01:06 . Memory (MB): peak = 2272.395 ; gain = 1495.844
---------------------------------------------------------------------------------
Synthesis finished with 0 errors, 96 critical warnings and 5 warnings.
Synthesis Optimization Runtime : Time (s): cpu = 00:00:17 ; elapsed = 00:01:03 . Memory (MB): peak = 2272.395 ; gain = 1495.844
Synthesis Optimization Complete : Time (s): cpu = 00:00:59 ; elapsed = 00:01:06 . Memory (MB): peak = 2272.395 ; gain = 1495.844
INFO: [Project 1-571] Translating synthesized netlist
Netlist sorting complete. Time (s): cpu = 00:00:00 ; elapsed = 00:00:00.047 . Memory (MB): peak = 2280.484 ; gain = 0.000
INFO: [Netlist 29-17] Analyzing 440 Unisim elements for replacement
INFO: [Netlist 29-28] Unisim Transformation completed in 0 CPU seconds
INFO: [Project 1-570] Preparing netlist for logic optimization
INFO: [Opt 31-138] Pushed 0 inverter(s) to 0 load pin(s).
Netlist sorting complete. Time (s): cpu = 00:00:00 ; elapsed = 00:00:00.001 . Memory (MB): peak = 2291.102 ; gain = 0.000
INFO: [Project 1-111] Unisim Transformation Summary:
  A total of 134 instances were transformed.
  LD => LDCE: 3 instances
  RAM128X1D => RAM128X1D (MUXF7(x2), RAMD64E(x4)): 2 instances
  RAM256X1S => RAM256X1S (MUXF7(x2), MUXF8, RAMS64E(x4)): 60 instances
  RAM32M => RAM32M (RAMD32(x6), RAMS32(x2)): 9 instances
  RAM64M => RAM64M (RAMD64E(x4)): 60 instances

Synth Design complete | Checksum: 814e316c
INFO: [Common 17-83] Releasing license: Synthesis
176 Infos, 11 Warnings, 96 Critical Warnings and 0 Errors encountered.
synth_design completed successfully
synth_design: Time (s): cpu = 00:01:03 ; elapsed = 00:01:11 . Memory (MB): peak = 2291.102 ; gain = 1745.477
Write ShapeDB Complete: Time (s): cpu = 00:00:00 ; elapsed = 00:00:00.005 . Memory (MB): peak = 2291.102 ; gain = 0.000
INFO: [Common 17-1381] The checkpoint 'C:/Users/hause/Documents/Vivado/Projects/umeboshiTB/umeboshiTB.runs/umeboshi_0_synth_1/umeboshi_0.dcp' has been generated.
INFO: [runtcl-6] Synthesis results are not added to the cache due to CRITICAL_WARNING
INFO: [Coretcl 2-1174] Renamed 230 cell refs.
Write ShapeDB Complete: Time (s): cpu = 00:00:00 ; elapsed = 00:00:00.004 . Memory (MB): peak = 2291.102 ; gain = 0.000
INFO: [Common 17-1381] The checkpoint 'C:/Users/hause/Documents/Vivado/Projects/umeboshiTB/umeboshiTB.runs/umeboshi_0_synth_1/umeboshi_0.dcp' has been generated.
INFO: [Vivado 12-24828] Executing command : report_utilization -file umeboshi_0_utilization_synth.rpt -pb umeboshi_0_utilization_synth.pb
INFO: [Common 17-206] Exiting Vivado at Fri Feb 20 00:53:59 2026...
